<?xml version="1.0" encoding="UTF-8"?>
<coverage generated="1567024350186" clover="3.2.0">
  <project timestamp="1567024350187" name="All files">
    <metrics statements="521" coveredstatements="81" conditionals="44" coveredconditionals="2" methods="98" coveredmethods="4" elements="663" coveredelements="87" complexity="0" loc="521" ncloc="521" packages="16" files="49" classes="49"/>
    <package name="src">
      <metrics statements="37" coveredstatements="0" conditionals="4" coveredconditionals="0" methods="2" coveredmethods="0"/>
      <file name="api.ts" path="/home/iampeterbanjo/clever-cloud/iampeterbanjo.com/packages/server/src/api.ts">
        <metrics statements="23" coveredstatements="0" conditionals="2" coveredconditionals="0" methods="1" coveredmethods="0"/>
        <line num="1" count="0" type="stmt"/>
        <line num="2" count="0" type="stmt"/>
        <line num="3" count="0" type="stmt"/>
        <line num="5" count="0" type="stmt"/>
        <line num="6" count="0" type="stmt"/>
        <line num="7" count="0" type="stmt"/>
        <line num="8" count="0" type="stmt"/>
        <line num="9" count="0" type="stmt"/>
        <line num="10" count="0" type="stmt"/>
        <line num="11" count="0" type="stmt"/>
        <line num="12" count="0" type="stmt"/>
        <line num="13" count="0" type="stmt"/>
        <line num="14" count="0" type="stmt"/>
        <line num="15" count="0" type="stmt"/>
        <line num="16" count="0" type="stmt"/>
        <line num="18" count="0" type="stmt"/>
        <line num="19" count="0" type="stmt"/>
        <line num="21" count="0" type="stmt"/>
        <line num="22" count="0" type="stmt"/>
        <line num="23" count="0" type="stmt"/>
        <line num="51" count="0" type="stmt"/>
        <line num="66" count="0" type="stmt"/>
        <line num="68" count="0" type="stmt"/>
      </file>
      <file name="config.ts" path="/home/iampeterbanjo/clever-cloud/iampeterbanjo.com/packages/server/src/config.ts">
        <metrics statements="5" coveredstatements="0" conditionals="2" coveredconditionals="0" methods="0" coveredmethods="0"/>
        <line num="1" count="0" type="stmt"/>
        <line num="2" count="0" type="stmt"/>
        <line num="4" count="0" type="stmt"/>
        <line num="5" count="0" type="stmt"/>
        <line num="7" count="0" type="stmt"/>
      </file>
      <file name="index.ts" path="/home/iampeterbanjo/clever-cloud/iampeterbanjo.com/packages/server/src/index.ts">
        <metrics statements="1" coveredstatements="0" conditionals="0" coveredconditionals="0" methods="0" coveredmethods="0"/>
        <line num="1" count="0" type="stmt"/>
      </file>
      <file name="start.ts" path="/home/iampeterbanjo/clever-cloud/iampeterbanjo.com/packages/server/src/start.ts">
        <metrics statements="8" coveredstatements="0" conditionals="0" coveredconditionals="0" methods="1" coveredmethods="0"/>
        <line num="1" count="0" type="stmt"/>
        <line num="3" count="0" type="stmt"/>
        <line num="4" count="0" type="stmt"/>
        <line num="5" count="0" type="stmt"/>
        <line num="6" count="0" type="stmt"/>
        <line num="8" count="0" type="stmt"/>
        <line num="10" count="0" type="stmt"/>
        <line num="11" count="0" type="stmt"/>
      </file>
    </package>
    <package name="src.blog">
      <metrics statements="68" coveredstatements="0" conditionals="7" coveredconditionals="0" methods="15" coveredmethods="0"/>
      <file name="helpers.ts" path="/home/iampeterbanjo/clever-cloud/iampeterbanjo.com/packages/server/src/blog/helpers.ts">
        <metrics statements="26" coveredstatements="0" conditionals="4" coveredconditionals="0" methods="6" coveredmethods="0"/>
        <line num="1" count="0" type="stmt"/>
        <line num="2" count="0" type="stmt"/>
        <line num="3" count="0" type="stmt"/>
        <line num="4" count="0" type="stmt"/>
        <line num="5" count="0" type="stmt"/>
        <line num="7" count="0" type="stmt"/>
        <line num="9" count="0" type="stmt"/>
        <line num="10" count="0" type="stmt"/>
        <line num="11" count="0" type="stmt"/>
        <line num="13" count="0" type="stmt"/>
        <line num="14" count="0" type="stmt"/>
        <line num="17" count="0" type="stmt"/>
        <line num="20" count="0" type="stmt"/>
        <line num="21" count="0" type="stmt"/>
        <line num="22" count="0" type="stmt"/>
        <line num="23" count="0" type="stmt"/>
        <line num="24" count="0" type="cond" truecount="0" falsecount="1"/>
        <line num="26" count="0" type="stmt"/>
        <line num="29" count="0" type="stmt"/>
        <line num="38" count="0" type="stmt"/>
        <line num="41" count="0" type="stmt"/>
        <line num="43" count="0" type="cond" truecount="0" falsecount="2"/>
        <line num="45" count="0" type="cond" truecount="0" falsecount="1"/>
        <line num="46" count="0" type="stmt"/>
        <line num="47" count="0" type="stmt"/>
        <line num="49" count="0" type="stmt"/>
      </file>
      <file name="methods.ts" path="/home/iampeterbanjo/clever-cloud/iampeterbanjo.com/packages/server/src/blog/methods.ts">
        <metrics statements="7" coveredstatements="0" conditionals="0" coveredconditionals="0" methods="2" coveredmethods="0"/>
        <line num="1" count="0" type="stmt"/>
        <line num="2" count="0" type="stmt"/>
        <line num="3" count="0" type="stmt"/>
        <line num="5" count="0" type="stmt"/>
        <line num="7" count="0" type="stmt"/>
        <line num="13" count="0" type="stmt"/>
        <line num="22" count="0" type="stmt"/>
      </file>
      <file name="plugin.ts" path="/home/iampeterbanjo/clever-cloud/iampeterbanjo.com/packages/server/src/blog/plugin.ts">
        <metrics statements="21" coveredstatements="0" conditionals="2" coveredconditionals="0" methods="3" coveredmethods="0"/>
        <line num="1" count="0" type="stmt"/>
        <line num="2" count="0" type="stmt"/>
        <line num="3" count="0" type="stmt"/>
        <line num="5" count="0" type="stmt"/>
        <line num="7" count="0" type="stmt"/>
        <line num="11" count="0" type="stmt"/>
        <line num="13" count="0" type="stmt"/>
        <line num="14" count="0" type="stmt"/>
        <line num="18" count="0" type="stmt"/>
        <line num="19" count="0" type="stmt"/>
        <line num="21" count="0" type="stmt"/>
        <line num="23" count="0" type="stmt"/>
        <line num="28" count="0" type="stmt"/>
        <line num="29" count="0" type="stmt"/>
        <line num="33" count="0" type="stmt"/>
        <line num="34" count="0" type="stmt"/>
        <line num="35" count="0" type="stmt"/>
        <line num="37" count="0" type="cond" truecount="0" falsecount="2"/>
        <line num="38" count="0" type="stmt"/>
        <line num="41" count="0" type="stmt"/>
        <line num="43" count="0" type="stmt"/>
      </file>
      <file name="routes.ts" path="/home/iampeterbanjo/clever-cloud/iampeterbanjo.com/packages/server/src/blog/routes.ts">
        <metrics statements="14" coveredstatements="0" conditionals="1" coveredconditionals="0" methods="4" coveredmethods="0"/>
        <line num="1" count="0" type="stmt"/>
        <line num="3" count="0" type="stmt"/>
        <line num="4" count="0" type="stmt"/>
        <line num="5" count="0" type="stmt"/>
        <line num="6" count="0" type="stmt"/>
        <line num="8" count="0" type="stmt"/>
        <line num="12" count="0" type="stmt"/>
        <line num="20" count="0" type="cond" truecount="0" falsecount="1"/>
        <line num="21" count="0" type="stmt"/>
        <line num="22" count="0" type="stmt"/>
        <line num="23" count="0" type="stmt"/>
        <line num="25" count="0" type="stmt"/>
        <line num="29" count="0" type="stmt"/>
        <line num="33" count="0" type="stmt"/>
      </file>
    </package>
    <package name="src.cqc">
      <metrics statements="7" coveredstatements="0" conditionals="0" coveredconditionals="0" methods="2" coveredmethods="0"/>
      <file name="api.ts" path="/home/iampeterbanjo/clever-cloud/iampeterbanjo.com/packages/server/src/cqc/api.ts">
        <metrics statements="3" coveredstatements="0" conditionals="0" coveredconditionals="0" methods="2" coveredmethods="0"/>
        <line num="1" count="0" type="stmt"/>
        <line num="5" count="0" type="stmt"/>
        <line num="8" count="0" type="stmt"/>
      </file>
      <file name="index.ts" path="/home/iampeterbanjo/clever-cloud/iampeterbanjo.com/packages/server/src/cqc/index.ts">
        <metrics statements="4" coveredstatements="0" conditionals="0" coveredconditionals="0" methods="0" coveredmethods="0"/>
        <line num="1" count="0" type="stmt"/>
        <line num="2" count="0" type="stmt"/>
        <line num="4" count="0" type="stmt"/>
        <line num="6" count="0" type="stmt"/>
      </file>
    </package>
    <package name="src.good">
      <metrics statements="2" coveredstatements="0" conditionals="0" coveredconditionals="0" methods="0" coveredmethods="0"/>
      <file name="index.ts" path="/home/iampeterbanjo/clever-cloud/iampeterbanjo.com/packages/server/src/good/index.ts">
        <metrics statements="2" coveredstatements="0" conditionals="0" coveredconditionals="0" methods="0" coveredmethods="0"/>
        <line num="1" count="0" type="stmt"/>
        <line num="3" count="0" type="stmt"/>
      </file>
    </package>
    <package name="src.hapi-dev-errors">
      <metrics statements="2" coveredstatements="0" conditionals="0" coveredconditionals="0" methods="0" coveredmethods="0"/>
      <file name="index.ts" path="/home/iampeterbanjo/clever-cloud/iampeterbanjo.com/packages/server/src/hapi-dev-errors/index.ts">
        <metrics statements="2" coveredstatements="0" conditionals="0" coveredconditionals="0" methods="0" coveredmethods="0"/>
        <line num="1" count="0" type="stmt"/>
        <line num="3" count="0" type="stmt"/>
      </file>
    </package>
    <package name="src.hapi-inert">
      <metrics statements="2" coveredstatements="0" conditionals="0" coveredconditionals="0" methods="0" coveredmethods="0"/>
      <file name="index.ts" path="/home/iampeterbanjo/clever-cloud/iampeterbanjo.com/packages/server/src/hapi-inert/index.ts">
        <metrics statements="2" coveredstatements="0" conditionals="0" coveredconditionals="0" methods="0" coveredmethods="0"/>
        <line num="1" count="0" type="stmt"/>
        <line num="3" count="0" type="stmt"/>
      </file>
    </package>
    <package name="src.hapi-vision">
      <metrics statements="2" coveredstatements="0" conditionals="0" coveredconditionals="0" methods="0" coveredmethods="0"/>
      <file name="index.ts" path="/home/iampeterbanjo/clever-cloud/iampeterbanjo.com/packages/server/src/hapi-vision/index.ts">
        <metrics statements="2" coveredstatements="0" conditionals="0" coveredconditionals="0" methods="0" coveredmethods="0"/>
        <line num="1" count="0" type="stmt"/>
        <line num="3" count="0" type="stmt"/>
      </file>
    </package>
    <package name="src.https-here">
      <metrics statements="9" coveredstatements="0" conditionals="7" coveredconditionals="0" methods="2" coveredmethods="0"/>
      <file name="https-here.ts" path="/home/iampeterbanjo/clever-cloud/iampeterbanjo.com/packages/server/src/https-here/https-here.ts">
        <metrics statements="7" coveredstatements="0" conditionals="7" coveredconditionals="0" methods="2" coveredmethods="0"/>
        <line num="3" count="0" type="stmt"/>
        <line num="6" count="0" type="stmt"/>
        <line num="8" count="0" type="stmt"/>
        <line num="11" count="0" type="cond" truecount="0" falsecount="2"/>
        <line num="13" count="0" type="cond" truecount="0" falsecount="2"/>
        <line num="14" count="0" type="cond" truecount="0" falsecount="1"/>
        <line num="16" count="0" type="stmt"/>
      </file>
      <file name="index.ts" path="/home/iampeterbanjo/clever-cloud/iampeterbanjo.com/packages/server/src/https-here/index.ts">
        <metrics statements="2" coveredstatements="0" conditionals="0" coveredconditionals="0" methods="0" coveredmethods="0"/>
        <line num="1" count="0" type="stmt"/>
        <line num="3" count="0" type="stmt"/>
      </file>
    </package>
    <package name="src.korin">
      <metrics statements="94" coveredstatements="23" conditionals="6" coveredconditionals="1" methods="21" coveredmethods="3"/>
      <file name="helpers.ts" path="/home/iampeterbanjo/clever-cloud/iampeterbanjo.com/packages/server/src/korin/helpers.ts">
        <metrics statements="50" coveredstatements="0" conditionals="5" coveredconditionals="0" methods="12" coveredmethods="0"/>
        <line num="1" count="0" type="stmt"/>
        <line num="2" count="0" type="stmt"/>
        <line num="3" count="0" type="stmt"/>
        <line num="4" count="0" type="stmt"/>
        <line num="11" count="0" type="stmt"/>
        <line num="19" count="0" type="stmt"/>
        <line num="26" count="0" type="stmt"/>
        <line num="27" count="0" type="stmt"/>
        <line num="29" count="0" type="stmt"/>
        <line num="32" count="0" type="stmt"/>
        <line num="33" count="0" type="stmt"/>
        <line num="39" count="0" type="stmt"/>
        <line num="52" count="0" type="stmt"/>
        <line num="53" count="0" type="stmt"/>
        <line num="54" count="0" type="stmt"/>
        <line num="56" count="0" type="stmt"/>
        <line num="68" count="0" type="stmt"/>
        <line num="74" count="0" type="stmt"/>
        <line num="75" count="0" type="stmt"/>
        <line num="76" count="0" type="stmt"/>
        <line num="77" count="0" type="stmt"/>
        <line num="84" count="0" type="stmt"/>
        <line num="85" count="0" type="stmt"/>
        <line num="87" count="0" type="stmt"/>
        <line num="97" count="0" type="stmt"/>
        <line num="98" count="0" type="stmt"/>
        <line num="104" count="0" type="stmt"/>
        <line num="105" count="0" type="stmt"/>
        <line num="106" count="0" type="cond" truecount="0" falsecount="2"/>
        <line num="107" count="0" type="stmt"/>
        <line num="109" count="0" type="stmt"/>
        <line num="118" count="0" type="stmt"/>
        <line num="119" count="0" type="stmt"/>
        <line num="124" count="0" type="stmt"/>
        <line num="125" count="0" type="stmt"/>
        <line num="136" count="0" type="stmt"/>
        <line num="137" count="0" type="cond" truecount="0" falsecount="2"/>
        <line num="138" count="0" type="stmt"/>
        <line num="144" count="0" type="stmt"/>
        <line num="150" count="0" type="stmt"/>
        <line num="151" count="0" type="stmt"/>
        <line num="153" count="0" type="stmt"/>
        <line num="163" count="0" type="stmt"/>
        <line num="164" count="0" type="stmt"/>
        <line num="165" count="0" type="stmt"/>
        <line num="166" count="0" type="stmt"/>
        <line num="167" count="0" type="stmt"/>
        <line num="168" count="0" type="stmt"/>
        <line num="170" count="0" type="stmt"/>
        <line num="173" count="0" type="stmt"/>
      </file>
      <file name="methods.ts" path="/home/iampeterbanjo/clever-cloud/iampeterbanjo.com/packages/server/src/korin/methods.ts">
        <metrics statements="9" coveredstatements="0" conditionals="0" coveredconditionals="0" methods="2" coveredmethods="0"/>
        <line num="1" count="0" type="stmt"/>
        <line num="2" count="0" type="stmt"/>
        <line num="3" count="0" type="stmt"/>
        <line num="5" count="0" type="stmt"/>
        <line num="6" count="0" type="stmt"/>
        <line num="7" count="0" type="stmt"/>
        <line num="14" count="0" type="stmt"/>
        <line num="16" count="0" type="stmt"/>
        <line num="27" count="0" type="stmt"/>
      </file>
      <file name="plugin.ts" path="/home/iampeterbanjo/clever-cloud/iampeterbanjo.com/packages/server/src/korin/plugin.ts">
        <metrics statements="19" coveredstatements="8" conditionals="0" coveredconditionals="0" methods="3" coveredmethods="1"/>
        <line num="1" count="1" type="stmt"/>
        <line num="2" count="1" type="stmt"/>
        <line num="4" count="1" type="stmt"/>
        <line num="8" count="2" type="stmt"/>
        <line num="10" count="2" type="stmt"/>
        <line num="11" count="2" type="stmt"/>
        <line num="15" count="0" type="stmt"/>
        <line num="16" count="0" type="stmt"/>
        <line num="18" count="0" type="stmt"/>
        <line num="20" count="0" type="stmt"/>
        <line num="25" count="2" type="stmt"/>
        <line num="26" count="2" type="stmt"/>
        <line num="30" count="0" type="stmt"/>
        <line num="31" count="0" type="stmt"/>
        <line num="32" count="0" type="stmt"/>
        <line num="33" count="0" type="stmt"/>
        <line num="38" count="0" type="stmt"/>
        <line num="43" count="0" type="stmt"/>
        <line num="45" count="0" type="stmt"/>
      </file>
      <file name="routes.ts" path="/home/iampeterbanjo/clever-cloud/iampeterbanjo.com/packages/server/src/korin/routes.ts">
        <metrics statements="16" coveredstatements="15" conditionals="1" coveredconditionals="1" methods="4" coveredmethods="2"/>
        <line num="1" count="1" type="stmt"/>
        <line num="3" count="1" type="stmt"/>
        <line num="4" count="1" type="stmt"/>
        <line num="5" count="2" type="stmt"/>
        <line num="6" count="2" type="stmt"/>
        <line num="7" count="2" type="stmt"/>
        <line num="11" count="0" type="stmt"/>
        <line num="15" count="1" type="stmt"/>
        <line num="18" count="2" type="stmt"/>
        <line num="19" count="2" type="stmt"/>
        <line num="20" count="2" type="stmt"/>
        <line num="21" count="2" type="stmt"/>
        <line num="22" count="2" type="stmt"/>
        <line num="23" count="2" type="stmt"/>
        <line num="24" count="2" type="stmt"/>
        <line num="27" count="1" type="stmt"/>
      </file>
    </package>
    <package name="src.models">
      <metrics statements="39" coveredstatements="0" conditionals="6" coveredconditionals="0" methods="5" coveredmethods="0"/>
      <file name="Profile.ts" path="/home/iampeterbanjo/clever-cloud/iampeterbanjo.com/packages/server/src/models/Profile.ts">
        <metrics statements="3" coveredstatements="0" conditionals="0" coveredconditionals="0" methods="0" coveredmethods="0"/>
        <line num="1" count="0" type="stmt"/>
        <line num="3" count="0" type="stmt"/>
        <line num="27" count="0" type="stmt"/>
      </file>
      <file name="TopTrack.ts" path="/home/iampeterbanjo/clever-cloud/iampeterbanjo.com/packages/server/src/models/TopTrack.ts">
        <metrics statements="8" coveredstatements="0" conditionals="0" coveredconditionals="0" methods="1" coveredmethods="0"/>
        <line num="1" count="0" type="stmt"/>
        <line num="2" count="0" type="stmt"/>
        <line num="4" count="0" type="stmt"/>
        <line num="5" count="0" type="stmt"/>
        <line num="22" count="0" type="stmt"/>
        <line num="24" count="0" type="stmt"/>
        <line num="25" count="0" type="stmt"/>
        <line num="28" count="0" type="stmt"/>
      </file>
      <file name="TopTracksRaw.ts" path="/home/iampeterbanjo/clever-cloud/iampeterbanjo.com/packages/server/src/models/TopTracksRaw.ts">
        <metrics statements="3" coveredstatements="0" conditionals="0" coveredconditionals="0" methods="0" coveredmethods="0"/>
        <line num="1" count="0" type="stmt"/>
        <line num="3" count="0" type="stmt"/>
        <line num="27" count="0" type="stmt"/>
      </file>
      <file name="helpers.ts" path="/home/iampeterbanjo/clever-cloud/iampeterbanjo.com/packages/server/src/models/helpers.ts">
        <metrics statements="9" coveredstatements="0" conditionals="4" coveredconditionals="0" methods="1" coveredmethods="0"/>
        <line num="1" count="0" type="stmt"/>
        <line num="2" count="0" type="stmt"/>
        <line num="4" count="0" type="stmt"/>
        <line num="5" count="0" type="cond" truecount="0" falsecount="2"/>
        <line num="16" count="0" type="stmt"/>
        <line num="18" count="0" type="cond" truecount="0" falsecount="2"/>
        <line num="19" count="0" type="stmt"/>
        <line num="20" count="0" type="stmt"/>
        <line num="26" count="0" type="stmt"/>
      </file>
      <file name="plugin.ts" path="/home/iampeterbanjo/clever-cloud/iampeterbanjo.com/packages/server/src/models/plugin.ts">
        <metrics statements="16" coveredstatements="0" conditionals="2" coveredconditionals="0" methods="3" coveredmethods="0"/>
        <line num="1" count="0" type="stmt"/>
        <line num="2" count="0" type="stmt"/>
        <line num="3" count="0" type="stmt"/>
        <line num="4" count="0" type="stmt"/>
        <line num="5" count="0" type="stmt"/>
        <line num="6" count="0" type="stmt"/>
        <line num="8" count="0" type="stmt"/>
        <line num="9" count="0" type="stmt"/>
        <line num="10" count="0" type="cond" truecount="0" falsecount="2"/>
        <line num="11" count="0" type="stmt"/>
        <line num="15" count="0" type="stmt"/>
        <line num="19" count="0" type="stmt"/>
        <line num="20" count="0" type="stmt"/>
        <line num="22" count="0" type="stmt"/>
        <line num="23" count="0" type="stmt"/>
        <line num="35" count="0" type="stmt"/>
      </file>
    </package>
    <package name="src.pipeline">
      <metrics statements="39" coveredstatements="0" conditionals="4" coveredconditionals="0" methods="8" coveredmethods="0"/>
      <file name="helpers.ts" path="/home/iampeterbanjo/clever-cloud/iampeterbanjo.com/packages/server/src/pipeline/helpers.ts">
        <metrics statements="20" coveredstatements="0" conditionals="4" coveredconditionals="0" methods="5" coveredmethods="0"/>
        <line num="1" count="0" type="stmt"/>
        <line num="2" count="0" type="stmt"/>
        <line num="8" count="0" type="stmt"/>
        <line num="9" count="0" type="stmt"/>
        <line num="16" count="0" type="stmt"/>
        <line num="23" count="0" type="stmt"/>
        <line num="24" count="0" type="stmt"/>
        <line num="34" count="0" type="stmt"/>
        <line num="45" count="0" type="stmt"/>
        <line num="46" count="0" type="stmt"/>
        <line num="48" count="0" type="stmt"/>
        <line num="51" count="0" type="stmt"/>
        <line num="52" count="0" type="stmt"/>
        <line num="54" count="0" type="stmt"/>
        <line num="56" count="0" type="cond" truecount="0" falsecount="2"/>
        <line num="58" count="0" type="stmt"/>
        <line num="59" count="0" type="stmt"/>
        <line num="60" count="0" type="cond" truecount="0" falsecount="2"/>
        <line num="63" count="0" type="stmt"/>
        <line num="66" count="0" type="stmt"/>
      </file>
      <file name="index.ts" path="/home/iampeterbanjo/clever-cloud/iampeterbanjo.com/packages/server/src/pipeline/index.ts">
        <metrics statements="3" coveredstatements="0" conditionals="0" coveredconditionals="0" methods="0" coveredmethods="0"/>
        <line num="1" count="0" type="stmt"/>
        <line num="2" count="0" type="stmt"/>
        <line num="4" count="0" type="stmt"/>
      </file>
      <file name="methods.ts" path="/home/iampeterbanjo/clever-cloud/iampeterbanjo.com/packages/server/src/pipeline/methods.ts">
        <metrics statements="3" coveredstatements="0" conditionals="0" coveredconditionals="0" methods="0" coveredmethods="0"/>
        <line num="1" count="0" type="stmt"/>
        <line num="2" count="0" type="stmt"/>
        <line num="3" count="0" type="stmt"/>
      </file>
      <file name="plugin.ts" path="/home/iampeterbanjo/clever-cloud/iampeterbanjo.com/packages/server/src/pipeline/plugin.ts">
        <metrics statements="10" coveredstatements="0" conditionals="0" coveredconditionals="0" methods="2" coveredmethods="0"/>
        <line num="1" count="0" type="stmt"/>
        <line num="2" count="0" type="stmt"/>
        <line num="4" count="0" type="stmt"/>
        <line num="11" count="0" type="stmt"/>
        <line num="13" count="0" type="stmt"/>
        <line num="14" count="0" type="stmt"/>
        <line num="18" count="0" type="stmt"/>
        <line num="19" count="0" type="stmt"/>
        <line num="21" count="0" type="stmt"/>
        <line num="23" count="0" type="stmt"/>
      </file>
      <file name="routes.ts" path="/home/iampeterbanjo/clever-cloud/iampeterbanjo.com/packages/server/src/pipeline/routes.ts">
        <metrics statements="3" coveredstatements="0" conditionals="0" coveredconditionals="0" methods="1" coveredmethods="0"/>
        <line num="1" count="0" type="stmt"/>
        <line num="7" count="0" type="stmt"/>
        <line num="13" count="0" type="stmt"/>
      </file>
    </package>
    <package name="src.rollbar">
      <metrics statements="29" coveredstatements="0" conditionals="6" coveredconditionals="0" methods="5" coveredmethods="0"/>
      <file name="helpers.ts" path="/home/iampeterbanjo/clever-cloud/iampeterbanjo.com/packages/server/src/rollbar/helpers.ts">
        <metrics statements="13" coveredstatements="0" conditionals="6" coveredconditionals="0" methods="3" coveredmethods="0"/>
        <line num="1" count="0" type="stmt"/>
        <line num="2" count="0" type="cond" truecount="0" falsecount="2"/>
        <line num="3" count="0" type="stmt"/>
        <line num="7" count="0" type="stmt"/>
        <line num="8" count="0" type="cond" truecount="0" falsecount="2"/>
        <line num="9" count="0" type="stmt"/>
        <line num="11" count="0" type="stmt"/>
        <line num="14" count="0" type="stmt"/>
        <line num="15" count="0" type="stmt"/>
        <line num="16" count="0" type="cond" truecount="0" falsecount="2"/>
        <line num="17" count="0" type="stmt"/>
        <line num="20" count="0" type="stmt"/>
        <line num="22" count="0" type="stmt"/>
      </file>
      <file name="index.ts" path="/home/iampeterbanjo/clever-cloud/iampeterbanjo.com/packages/server/src/rollbar/index.ts">
        <metrics statements="4" coveredstatements="0" conditionals="0" coveredconditionals="0" methods="0" coveredmethods="0"/>
        <line num="1" count="0" type="stmt"/>
        <line num="2" count="0" type="stmt"/>
        <line num="4" count="0" type="stmt"/>
        <line num="6" count="0" type="stmt"/>
      </file>
      <file name="plugin.ts" path="/home/iampeterbanjo/clever-cloud/iampeterbanjo.com/packages/server/src/rollbar/plugin.ts">
        <metrics statements="12" coveredstatements="0" conditionals="0" coveredconditionals="0" methods="2" coveredmethods="0"/>
        <line num="1" count="0" type="stmt"/>
        <line num="2" count="0" type="stmt"/>
        <line num="3" count="0" type="stmt"/>
        <line num="5" count="0" type="stmt"/>
        <line num="6" count="0" type="stmt"/>
        <line num="8" count="0" type="stmt"/>
        <line num="12" count="0" type="stmt"/>
        <line num="14" count="0" type="stmt"/>
        <line num="15" count="0" type="stmt"/>
        <line num="17" count="0" type="stmt"/>
        <line num="18" count="0" type="stmt"/>
        <line num="20" count="0" type="stmt"/>
      </file>
    </package>
    <package name="src.statics">
      <metrics statements="13" coveredstatements="0" conditionals="0" coveredconditionals="0" methods="1" coveredmethods="0"/>
      <file name="index.ts" path="/home/iampeterbanjo/clever-cloud/iampeterbanjo.com/packages/server/src/statics/index.ts">
        <metrics statements="7" coveredstatements="0" conditionals="0" coveredconditionals="0" methods="0" coveredmethods="0"/>
        <line num="1" count="0" type="stmt"/>
        <line num="2" count="0" type="stmt"/>
        <line num="4" count="0" type="stmt"/>
        <line num="5" count="0" type="stmt"/>
        <line num="6" count="0" type="stmt"/>
        <line num="7" count="0" type="stmt"/>
        <line num="9" count="0" type="stmt"/>
      </file>
      <file name="plugin.ts" path="/home/iampeterbanjo/clever-cloud/iampeterbanjo.com/packages/server/src/statics/plugin.ts">
        <metrics statements="6" coveredstatements="0" conditionals="0" coveredconditionals="0" methods="1" coveredmethods="0"/>
        <line num="1" count="0" type="stmt"/>
        <line num="5" count="0" type="stmt"/>
        <line num="7" count="0" type="stmt"/>
        <line num="20" count="0" type="stmt"/>
        <line num="33" count="0" type="stmt"/>
        <line num="46" count="0" type="stmt"/>
      </file>
    </package>
    <package name="src.utils">
      <metrics statements="61" coveredstatements="58" conditionals="2" coveredconditionals="1" methods="4" coveredmethods="1"/>
      <file name="cache.ts" path="/home/iampeterbanjo/clever-cloud/iampeterbanjo.com/packages/server/src/utils/cache.ts">
        <metrics statements="5" coveredstatements="4" conditionals="0" coveredconditionals="0" methods="1" coveredmethods="0"/>
        <line num="1" count="3" type="stmt"/>
        <line num="10" count="3" type="stmt"/>
        <line num="18" count="3" type="stmt"/>
        <line num="19" count="0" type="stmt"/>
        <line num="22" count="3" type="stmt"/>
      </file>
      <file name="clientel.ts" path="/home/iampeterbanjo/clever-cloud/iampeterbanjo.com/packages/server/src/utils/clientel.ts">
        <metrics statements="10" coveredstatements="10" conditionals="0" coveredconditionals="0" methods="0" coveredmethods="0"/>
        <line num="1" count="3" type="stmt"/>
        <line num="2" count="3" type="stmt"/>
        <line num="3" count="3" type="stmt"/>
        <line num="4" count="3" type="stmt"/>
        <line num="11" count="3" type="stmt"/>
        <line num="13" count="3" type="stmt"/>
        <line num="14" count="3" type="stmt"/>
        <line num="16" count="3" type="stmt"/>
        <line num="24" count="3" type="stmt"/>
        <line num="29" count="3" type="stmt"/>
      </file>
      <file name="index.ts" path="/home/iampeterbanjo/clever-cloud/iampeterbanjo.com/packages/server/src/utils/index.ts">
        <metrics statements="8" coveredstatements="8" conditionals="0" coveredconditionals="0" methods="0" coveredmethods="0"/>
        <line num="1" count="3" type="stmt"/>
        <line num="2" count="3" type="stmt"/>
        <line num="3" count="3" type="stmt"/>
        <line num="4" count="3" type="stmt"/>
        <line num="5" count="3" type="stmt"/>
        <line num="6" count="3" type="stmt"/>
        <line num="7" count="3" type="stmt"/>
        <line num="9" count="3" type="stmt"/>
      </file>
      <file name="jsonParser.ts" path="/home/iampeterbanjo/clever-cloud/iampeterbanjo.com/packages/server/src/utils/jsonParser.ts">
        <metrics statements="4" coveredstatements="2" conditionals="0" coveredconditionals="0" methods="1" coveredmethods="0"/>
        <line num="1" count="3" type="stmt"/>
        <line num="3" count="3" type="stmt"/>
        <line num="4" count="0" type="stmt"/>
        <line num="5" count="0" type="stmt"/>
      </file>
      <file name="message.ts" path="/home/iampeterbanjo/clever-cloud/iampeterbanjo.com/packages/server/src/utils/message.ts">
        <metrics statements="2" coveredstatements="2" conditionals="0" coveredconditionals="0" methods="0" coveredmethods="0"/>
        <line num="1" count="3" type="stmt"/>
        <line num="2" count="3" type="stmt"/>
      </file>
      <file name="slugger.ts" path="/home/iampeterbanjo/clever-cloud/iampeterbanjo.com/packages/server/src/utils/slugger.ts">
        <metrics statements="4" coveredstatements="4" conditionals="0" coveredconditionals="0" methods="2" coveredmethods="1"/>
        <line num="1" count="3" type="stmt"/>
        <line num="3" count="4" type="stmt"/>
        <line num="4" count="3" type="stmt"/>
        <line num="5" count="3" type="stmt"/>
      </file>
      <file name="time.ts" path="/home/iampeterbanjo/clever-cloud/iampeterbanjo.com/packages/server/src/utils/time.ts">
        <metrics statements="9" coveredstatements="9" conditionals="0" coveredconditionals="0" methods="0" coveredmethods="0"/>
        <line num="2" count="3" type="stmt"/>
        <line num="3" count="3" type="stmt"/>
        <line num="4" count="3" type="stmt"/>
        <line num="5" count="3" type="stmt"/>
        <line num="6" count="3" type="stmt"/>
        <line num="7" count="3" type="stmt"/>
        <line num="8" count="3" type="stmt"/>
        <line num="9" count="3" type="stmt"/>
        <line num="10" count="3" type="stmt"/>
      </file>
      <file name="vars.ts" path="/home/iampeterbanjo/clever-cloud/iampeterbanjo.com/packages/server/src/utils/vars.ts">
        <metrics statements="19" coveredstatements="19" conditionals="2" coveredconditionals="1" methods="0" coveredmethods="0"/>
        <line num="1" count="3" type="stmt"/>
        <line num="2" count="3" type="stmt"/>
        <line num="3" count="3" type="stmt"/>
        <line num="7" count="3" type="stmt"/>
        <line num="14" count="3" type="stmt"/>
        <line num="15" count="3" type="stmt"/>
        <line num="16" count="3" type="stmt"/>
        <line num="17" count="3" type="stmt"/>
        <line num="18" count="3" type="stmt"/>
        <line num="19" count="3" type="stmt"/>
        <line num="20" count="3" type="stmt"/>
        <line num="21" count="3" type="stmt"/>
        <line num="22" count="3" type="stmt"/>
        <line num="23" count="3" type="stmt"/>
        <line num="24" count="3" type="cond" truecount="1" falsecount="1"/>
        <line num="25" count="3" type="stmt"/>
        <line num="26" count="3" type="stmt"/>
        <line num="27" count="3" type="stmt"/>
        <line num="28" count="3" type="stmt"/>
      </file>
    </package>
    <package name="src.views">
      <metrics statements="114" coveredstatements="0" conditionals="2" coveredconditionals="0" methods="32" coveredmethods="0"/>
      <file name="context.ts" path="/home/iampeterbanjo/clever-cloud/iampeterbanjo.com/packages/server/src/views/context.ts">
        <metrics statements="5" coveredstatements="0" conditionals="0" coveredconditionals="0" methods="0" coveredmethods="0"/>
        <line num="1" count="0" type="stmt"/>
        <line num="2" count="0" type="stmt"/>
        <line num="3" count="0" type="stmt"/>
        <line num="4" count="0" type="stmt"/>
        <line num="5" count="0" type="stmt"/>
      </file>
      <file name="helpers.ts" path="/home/iampeterbanjo/clever-cloud/iampeterbanjo.com/packages/server/src/views/helpers.ts">
        <metrics statements="24" coveredstatements="0" conditionals="0" coveredconditionals="0" methods="6" coveredmethods="0"/>
        <line num="1" count="0" type="stmt"/>
        <line num="3" count="0" type="stmt"/>
        <line num="4" count="0" type="stmt"/>
        <line num="5" count="0" type="stmt"/>
        <line num="6" count="0" type="stmt"/>
        <line num="8" count="0" type="stmt"/>
        <line num="9" count="0" type="stmt"/>
        <line num="11" count="0" type="stmt"/>
        <line num="12" count="0" type="stmt"/>
        <line num="14" count="0" type="stmt"/>
        <line num="27" count="0" type="stmt"/>
        <line num="28" count="0" type="stmt"/>
        <line num="30" count="0" type="stmt"/>
        <line num="31" count="0" type="stmt"/>
        <line num="32" count="0" type="stmt"/>
        <line num="34" count="0" type="stmt"/>
        <line num="36" count="0" type="stmt"/>
        <line num="39" count="0" type="stmt"/>
        <line num="40" count="0" type="stmt"/>
        <line num="41" count="0" type="stmt"/>
        <line num="52" count="0" type="stmt"/>
        <line num="53" count="0" type="stmt"/>
        <line num="58" count="0" type="stmt"/>
        <line num="66" count="0" type="stmt"/>
      </file>
      <file name="methods.ts" path="/home/iampeterbanjo/clever-cloud/iampeterbanjo.com/packages/server/src/views/methods.ts">
        <metrics statements="10" coveredstatements="0" conditionals="0" coveredconditionals="0" methods="4" coveredmethods="0"/>
        <line num="1" count="0" type="stmt"/>
        <line num="2" count="0" type="stmt"/>
        <line num="3" count="0" type="stmt"/>
        <line num="5" count="0" type="stmt"/>
        <line num="6" count="0" type="stmt"/>
        <line num="7" count="0" type="stmt"/>
        <line num="14" count="0" type="stmt"/>
        <line num="25" count="0" type="stmt"/>
        <line num="33" count="0" type="stmt"/>
        <line num="42" count="0" type="stmt"/>
      </file>
      <file name="plugin.ts" path="/home/iampeterbanjo/clever-cloud/iampeterbanjo.com/packages/server/src/views/plugin.ts">
        <metrics statements="53" coveredstatements="0" conditionals="0" coveredconditionals="0" methods="16" coveredmethods="0"/>
        <line num="1" count="0" type="stmt"/>
        <line num="2" count="0" type="stmt"/>
        <line num="3" count="0" type="stmt"/>
        <line num="4" count="0" type="stmt"/>
        <line num="5" count="0" type="stmt"/>
        <line num="6" count="0" type="stmt"/>
        <line num="8" count="0" type="stmt"/>
        <line num="12" count="0" type="stmt"/>
        <line num="13" count="0" type="stmt"/>
        <line num="14" count="0" type="stmt"/>
        <line num="18" count="0" type="stmt"/>
        <line num="21" count="0" type="stmt"/>
        <line num="29" count="0" type="stmt"/>
        <line num="30" count="0" type="stmt"/>
        <line num="31" count="0" type="stmt"/>
        <line num="35" count="0" type="stmt"/>
        <line num="36" count="0" type="stmt"/>
        <line num="38" count="0" type="stmt"/>
        <line num="43" count="0" type="stmt"/>
        <line num="44" count="0" type="stmt"/>
        <line num="45" count="0" type="stmt"/>
        <line num="49" count="0" type="stmt"/>
        <line num="50" count="0" type="stmt"/>
        <line num="55" count="0" type="stmt"/>
        <line num="65" count="0" type="stmt"/>
        <line num="66" count="0" type="stmt"/>
        <line num="67" count="0" type="stmt"/>
        <line num="71" count="0" type="stmt"/>
        <line num="73" count="0" type="stmt"/>
        <line num="78" count="0" type="stmt"/>
        <line num="79" count="0" type="stmt"/>
        <line num="81" count="0" type="stmt"/>
        <line num="85" count="0" type="stmt"/>
        <line num="87" count="0" type="stmt"/>
        <line num="92" count="0" type="stmt"/>
        <line num="93" count="0" type="stmt"/>
        <line num="95" count="0" type="stmt"/>
        <line num="99" count="0" type="stmt"/>
        <line num="100" count="0" type="stmt"/>
        <line num="102" count="0" type="stmt"/>
        <line num="107" count="0" type="stmt"/>
        <line num="108" count="0" type="stmt"/>
        <line num="110" count="0" type="stmt"/>
        <line num="114" count="0" type="stmt"/>
        <line num="119" count="0" type="stmt"/>
        <line num="126" count="0" type="stmt"/>
        <line num="127" count="0" type="stmt"/>
        <line num="129" count="0" type="stmt"/>
        <line num="130" count="0" type="stmt"/>
        <line num="131" count="0" type="stmt"/>
        <line num="132" count="0" type="stmt"/>
        <line num="133" count="0" type="stmt"/>
        <line num="134" count="0" type="stmt"/>
      </file>
      <file name="routes.ts" path="/home/iampeterbanjo/clever-cloud/iampeterbanjo.com/packages/server/src/views/routes.ts">
        <metrics statements="22" coveredstatements="0" conditionals="2" coveredconditionals="0" methods="6" coveredmethods="0"/>
        <line num="9" count="0" type="stmt"/>
        <line num="11" count="0" type="stmt"/>
        <line num="12" count="0" type="stmt"/>
        <line num="18" count="0" type="stmt"/>
        <line num="19" count="0" type="stmt"/>
        <line num="20" count="0" type="stmt"/>
        <line num="31" count="0" type="stmt"/>
        <line num="32" count="0" type="stmt"/>
        <line num="33" count="0" type="stmt"/>
        <line num="45" count="0" type="stmt"/>
        <line num="46" count="0" type="cond" truecount="0" falsecount="2"/>
        <line num="47" count="0" type="stmt"/>
        <line num="48" count="0" type="stmt"/>
        <line num="49" count="0" type="stmt"/>
        <line num="60" count="0" type="stmt"/>
        <line num="61" count="0" type="stmt"/>
        <line num="63" count="0" type="stmt"/>
        <line num="70" count="0" type="stmt"/>
        <line num="71" count="0" type="stmt"/>
        <line num="82" count="0" type="stmt"/>
        <line num="83" count="0" type="stmt"/>
        <line num="90" count="0" type="stmt"/>
      </file>
    </package>
    <package name="src.views.ssr">
      <metrics statements="3" coveredstatements="0" conditionals="0" coveredconditionals="0" methods="1" coveredmethods="0"/>
      <file name="app.ts" path="/home/iampeterbanjo/clever-cloud/iampeterbanjo.com/packages/server/src/views/ssr/app.ts">
        <metrics statements="3" coveredstatements="0" conditionals="0" coveredconditionals="0" methods="1" coveredmethods="0"/>
        <line num="1" count="0" type="stmt"/>
        <line num="3" count="0" type="stmt"/>
        <line num="5" count="0" type="stmt"/>
      </file>
    </package>
  </project>
</coverage>
