{
	"/home/iampeterbanjo/clever-cloud/iampeterbanjo.com/packages/server/src/api.ts": {
		"path": "/home/iampeterbanjo/clever-cloud/iampeterbanjo.com/packages/server/src/api.ts",
		"statementMap": {
			"0": {
				"start": { "line": 1, "column": 0 },
				"end": { "line": 1, "column": 43 }
			},
			"1": {
				"start": { "line": 2, "column": 0 },
				"end": { "line": 2, "column": 30 }
			},
			"2": {
				"start": { "line": 3, "column": 0 },
				"end": { "line": 3, "column": 28 }
			},
			"3": {
				"start": { "line": 5, "column": 0 },
				"end": { "line": 5, "column": 26 }
			},
			"4": {
				"start": { "line": 6, "column": 0 },
				"end": { "line": 6, "column": 32 }
			},
			"5": {
				"start": { "line": 7, "column": 0 },
				"end": { "line": 7, "column": 28 }
			},
			"6": {
				"start": { "line": 8, "column": 0 },
				"end": { "line": 8, "column": 26 }
			},
			"7": {
				"start": { "line": 9, "column": 0 },
				"end": { "line": 9, "column": 42 }
			},
			"8": {
				"start": { "line": 10, "column": 0 },
				"end": { "line": 10, "column": 33 }
			},
			"9": {
				"start": { "line": 11, "column": 0 },
				"end": { "line": 11, "column": 35 }
			},
			"10": {
				"start": { "line": 12, "column": 0 },
				"end": { "line": 12, "column": 28 }
			},
			"11": {
				"start": { "line": 13, "column": 0 },
				"end": { "line": 13, "column": 32 }
			},
			"12": {
				"start": { "line": 14, "column": 0 },
				"end": { "line": 14, "column": 34 }
			},
			"13": {
				"start": { "line": 15, "column": 0 },
				"end": { "line": 15, "column": 24 }
			},
			"14": {
				"start": { "line": 16, "column": 0 },
				"end": { "line": 16, "column": 37 }
			},
			"15": {
				"start": { "line": 18, "column": 17 },
				"end": { "line": 18, "column": 22 }
			},
			"16": {
				"start": { "line": 19, "column": 54 },
				"end": { "line": 19, "column": 58 }
			},
			"17": {
				"start": { "line": 22, "column": 1 },
				"end": { "line": 69, "column": null }
			},
			"18": {
				"start": { "line": 23, "column": 17 },
				"end": { "line": 49, "column": 4 }
			},
			"19": {
				"start": { "line": 51, "column": 2 },
				"end": { "line": 64, "column": 5 }
			},
			"20": {
				"start": { "line": 66, "column": 2 },
				"end": { "line": 66, "column": 16 }
			},
			"21": {
				"start": { "line": 68, "column": 2 },
				"end": { "line": 68, "column": 29 }
			},
			"22": {
				"start": { "line": 21, "column": 0 },
				"end": { "line": 21, "column": 15 }
			}
		},
		"fnMap": {
			"0": {
				"name": "main",
				"decl": {
					"start": { "line": 21, "column": 30 },
					"end": { "line": 21, "column": 34 }
				},
				"loc": {
					"start": { "line": 21, "column": 34 },
					"end": { "line": 70, "column": 1 }
				}
			}
		},
		"branchMap": {
			"0": {
				"loc": {
					"start": { "line": 25, "column": 16 },
					"end": { "line": 25, "column": 20 }
				},
				"type": "binary-expr",
				"locations": [
					{
						"start": { "line": 25, "column": 16 },
						"end": { "line": 25, "column": 20 }
					},
					{
						"start": { "line": 25, "column": 24 },
						"end": { "line": 25, "column": 28 }
					}
				]
			}
		},
		"s": {
			"0": 0,
			"1": 0,
			"2": 0,
			"3": 0,
			"4": 0,
			"5": 0,
			"6": 0,
			"7": 0,
			"8": 0,
			"9": 0,
			"10": 0,
			"11": 0,
			"12": 0,
			"13": 0,
			"14": 0,
			"15": 0,
			"16": 0,
			"17": 0,
			"18": 0,
			"19": 0,
			"20": 0,
			"21": 0,
			"22": 0
		},
		"f": { "0": 0 },
		"b": { "0": [0, 0] }
	},
	"/home/iampeterbanjo/clever-cloud/iampeterbanjo.com/packages/server/src/config.ts": {
		"path": "/home/iampeterbanjo/clever-cloud/iampeterbanjo.com/packages/server/src/config.ts",
		"statementMap": {
			"0": {
				"start": { "line": 1, "column": 0 },
				"end": { "line": 1, "column": 43 }
			},
			"1": {
				"start": { "line": 2, "column": 0 },
				"end": { "line": 2, "column": 28 }
			},
			"2": {
				"start": { "line": 4, "column": 17 },
				"end": { "line": 4, "column": 22 }
			},
			"3": {
				"start": { "line": 5, "column": 54 },
				"end": { "line": 5, "column": 58 }
			},
			"4": {
				"start": { "line": 7, "column": 13 },
				"end": { "line": 33, "column": 2 }
			}
		},
		"fnMap": {},
		"branchMap": {
			"0": {
				"loc": {
					"start": { "line": 9, "column": 14 },
					"end": { "line": 9, "column": 18 }
				},
				"type": "binary-expr",
				"locations": [
					{
						"start": { "line": 9, "column": 14 },
						"end": { "line": 9, "column": 18 }
					},
					{
						"start": { "line": 9, "column": 22 },
						"end": { "line": 9, "column": 26 }
					}
				]
			}
		},
		"s": { "0": 0, "1": 0, "2": 0, "3": 0, "4": 0 },
		"f": {},
		"b": { "0": [0, 0] }
	},
	"/home/iampeterbanjo/clever-cloud/iampeterbanjo.com/packages/server/src/index.ts": {
		"path": "/home/iampeterbanjo/clever-cloud/iampeterbanjo.com/packages/server/src/index.ts",
		"statementMap": {
			"0": {
				"start": { "line": 1, "column": 0 },
				"end": { "line": 1, "column": 9 }
			},
			"1": {
				"start": { "line": 1, "column": 9 },
				"end": { "line": 1, "column": 23 }
			}
		},
		"fnMap": {},
		"branchMap": {},
		"s": { "0": 0, "1": 0 },
		"f": {},
		"b": {}
	},
	"/home/iampeterbanjo/clever-cloud/iampeterbanjo.com/packages/server/src/start.ts": {
		"path": "/home/iampeterbanjo/clever-cloud/iampeterbanjo.com/packages/server/src/start.ts",
		"statementMap": {
			"0": {
				"start": { "line": 1, "column": 0 },
				"end": { "line": 1, "column": 24 }
			},
			"1": {
				"start": { "line": 3, "column": 0 },
				"end": { "line": 13, "column": 5 }
			},
			"2": {
				"start": { "line": 4, "column": 1 },
				"end": { "line": 12, "column": null }
			},
			"3": {
				"start": { "line": 5, "column": 17 },
				"end": { "line": 5, "column": 28 }
			},
			"4": {
				"start": { "line": 6, "column": 2 },
				"end": { "line": 6, "column": 23 }
			},
			"5": {
				"start": { "line": 8, "column": 2 },
				"end": { "line": 8, "column": 55 }
			},
			"6": {
				"start": { "line": 10, "column": 2 },
				"end": { "line": 10, "column": 22 }
			},
			"7": {
				"start": { "line": 11, "column": 2 },
				"end": { "line": 11, "column": 14 }
			}
		},
		"fnMap": {
			"0": {
				"name": "(anonymous_0)",
				"decl": {
					"start": { "line": 3, "column": 1 },
					"end": { "line": 3, "column": 6 }
				},
				"loc": {
					"start": { "line": 3, "column": 12 },
					"end": { "line": 13, "column": 1 }
				}
			}
		},
		"branchMap": {},
		"s": { "0": 0, "1": 0, "2": 0, "3": 0, "4": 0, "5": 0, "6": 0, "7": 0 },
		"f": { "0": 0 },
		"b": {}
	},
	"/home/iampeterbanjo/clever-cloud/iampeterbanjo.com/packages/server/src/blog/helpers.ts": {
		"path": "/home/iampeterbanjo/clever-cloud/iampeterbanjo.com/packages/server/src/blog/helpers.ts",
		"statementMap": {
			"0": {
				"start": { "line": 1, "column": 0 },
				"end": { "line": 1, "column": 24 }
			},
			"1": {
				"start": { "line": 2, "column": 0 },
				"end": { "line": 2, "column": 28 }
			},
			"2": {
				"start": { "line": 3, "column": 0 },
				"end": { "line": 3, "column": 33 }
			},
			"3": {
				"start": { "line": 4, "column": 0 },
				"end": { "line": 4, "column": 28 }
			},
			"4": {
				"start": { "line": 5, "column": 0 },
				"end": { "line": 5, "column": 26 }
			},
			"5": {
				"start": { "line": 7, "column": 12 },
				"end": { "line": 7, "column": 55 }
			},
			"6": {
				"start": { "line": 9, "column": 13 },
				"end": { "line": 18, "column": 2 }
			},
			"7": {
				"start": { "line": 10, "column": 17 },
				"end": { "line": 15, "column": 4 }
			},
			"8": {
				"start": { "line": 11, "column": 12 },
				"end": { "line": 11, "column": 32 }
			},
			"9": {
				"start": { "line": 13, "column": 17 },
				"end": { "line": 13, "column": 41 }
			},
			"10": {
				"start": { "line": 14, "column": 3 },
				"end": { "line": 14, "column": 26 }
			},
			"11": {
				"start": { "line": 17, "column": 1 },
				"end": { "line": 17, "column": 19 }
			},
			"12": {
				"start": { "line": 20, "column": 13 },
				"end": { "line": 30, "column": 2 }
			},
			"13": {
				"start": { "line": 21, "column": 19 },
				"end": { "line": 21, "column": 46 }
			},
			"14": {
				"start": { "line": 22, "column": 18 },
				"end": { "line": 27, "column": 3 }
			},
			"15": {
				"start": { "line": 23, "column": 22 },
				"end": { "line": 23, "column": 43 }
			},
			"16": {
				"start": { "line": 24, "column": 24 },
				"end": { "line": 24, "column": 35 }
			},
			"17": {
				"start": { "line": 26, "column": 2 },
				"end": { "line": 26, "column": 48 }
			},
			"18": {
				"start": { "line": 29, "column": 1 },
				"end": { "line": 29, "column": 17 }
			},
			"19": {
				"start": { "line": 38, "column": 13 },
				"end": { "line": 50, "column": 2 }
			},
			"20": {
				"start": { "line": 41, "column": 20 },
				"end": { "line": 41, "column": 57 }
			},
			"21": {
				"start": { "line": 43, "column": 1 },
				"end": { "line": 43, "column": 28 }
			},
			"22": {
				"start": { "line": 43, "column": 16 },
				"end": { "line": 43, "column": 28 }
			},
			"23": {
				"start": { "line": 45, "column": 32 },
				"end": { "line": 45, "column": 53 }
			},
			"24": {
				"start": { "line": 46, "column": 25 },
				"end": { "line": 46, "column": 29 }
			},
			"25": {
				"start": { "line": 47, "column": 19 },
				"end": { "line": 47, "column": 61 }
			},
			"26": {
				"start": { "line": 49, "column": 1 },
				"end": { "line": 49, "column": 61 }
			}
		},
		"fnMap": {
			"0": {
				"name": "(anonymous_1)",
				"decl": {
					"start": { "line": 9, "column": 26 },
					"end": { "line": 9, "column": 27 }
				},
				"loc": {
					"start": { "line": 9, "column": 47 },
					"end": { "line": 18, "column": 1 }
				}
			},
			"1": {
				"name": "(anonymous_2)",
				"decl": {
					"start": { "line": 11, "column": 7 },
					"end": { "line": 11, "column": 8 }
				},
				"loc": {
					"start": { "line": 11, "column": 12 },
					"end": { "line": 11, "column": 32 }
				}
			},
			"2": {
				"name": "(anonymous_3)",
				"decl": {
					"start": { "line": 12, "column": 7 },
					"end": { "line": 12, "column": 8 }
				},
				"loc": {
					"start": { "line": 12, "column": 11 },
					"end": { "line": 15, "column": 3 }
				}
			},
			"3": {
				"name": "(anonymous_4)",
				"decl": {
					"start": { "line": 20, "column": 28 },
					"end": { "line": 20, "column": 33 }
				},
				"loc": {
					"start": { "line": 20, "column": 39 },
					"end": { "line": 30, "column": 1 }
				}
			},
			"4": {
				"name": "(anonymous_5)",
				"decl": {
					"start": { "line": 22, "column": 32 },
					"end": { "line": 22, "column": 40 }
				},
				"loc": {
					"start": { "line": 22, "column": 43 },
					"end": { "line": 27, "column": 2 }
				}
			},
			"5": {
				"name": "(anonymous_6)",
				"decl": {
					"start": { "line": 38, "column": 31 },
					"end": { "line": 38, "column": 36 }
				},
				"loc": {
					"start": { "line": 40, "column": 29 },
					"end": { "line": 50, "column": 1 }
				}
			}
		},
		"branchMap": {
			"0": {
				"loc": {
					"start": { "line": 24, "column": 17 },
					"end": { "line": 24, "column": 19 }
				},
				"type": "default-arg",
				"locations": [
					{
						"start": { "line": 24, "column": 17 },
						"end": { "line": 24, "column": 19 }
					}
				]
			},
			"1": {
				"loc": {
					"start": { "line": 43, "column": 1 },
					"end": { "line": 43, "column": 28 }
				},
				"type": "if",
				"locations": [
					{
						"start": { "line": 43, "column": 1 },
						"end": { "line": 43, "column": 28 }
					},
					{
						"start": { "line": 43, "column": 1 },
						"end": { "line": 43, "column": 28 }
					}
				]
			},
			"2": {
				"loc": {
					"start": { "line": 45, "column": 25 },
					"end": { "line": 45, "column": 27 }
				},
				"type": "default-arg",
				"locations": [
					{
						"start": { "line": 45, "column": 25 },
						"end": { "line": 45, "column": 27 }
					}
				]
			}
		},
		"s": {
			"0": 0,
			"1": 0,
			"2": 0,
			"3": 0,
			"4": 0,
			"5": 0,
			"6": 0,
			"7": 0,
			"8": 0,
			"9": 0,
			"10": 0,
			"11": 0,
			"12": 0,
			"13": 0,
			"14": 0,
			"15": 0,
			"16": 0,
			"17": 0,
			"18": 0,
			"19": 0,
			"20": 0,
			"21": 0,
			"22": 0,
			"23": 0,
			"24": 0,
			"25": 0,
			"26": 0
		},
		"f": { "0": 0, "1": 0, "2": 0, "3": 0, "4": 0, "5": 0 },
		"b": { "0": [0], "1": [0, 0], "2": [0] }
	},
	"/home/iampeterbanjo/clever-cloud/iampeterbanjo.com/packages/server/src/blog/methods.ts": {
		"path": "/home/iampeterbanjo/clever-cloud/iampeterbanjo.com/packages/server/src/blog/methods.ts",
		"statementMap": {
			"0": {
				"start": { "line": 1, "column": 0 },
				"end": { "line": 1, "column": 28 }
			},
			"1": {
				"start": { "line": 2, "column": 0 },
				"end": { "line": 2, "column": 58 }
			},
			"2": {
				"start": { "line": 3, "column": 0 },
				"end": { "line": 3, "column": 29 }
			},
			"3": {
				"start": { "line": 5, "column": 27 },
				"end": { "line": 5, "column": 32 }
			},
			"4": {
				"start": { "line": 7, "column": 0 },
				"end": { "line": 28, "column": 2 }
			},
			"5": {
				"start": { "line": 13, "column": 22 },
				"end": { "line": 13, "column": 50 }
			},
			"6": {
				"start": { "line": 22, "column": 4 },
				"end": { "line": 24, "column": 20 }
			}
		},
		"fnMap": {
			"0": {
				"name": "(anonymous_1)",
				"decl": {
					"start": { "line": 13, "column": 16 },
					"end": { "line": 13, "column": 19 }
				},
				"loc": {
					"start": { "line": 13, "column": 22 },
					"end": { "line": 13, "column": 50 }
				}
			},
			"1": {
				"name": "(anonymous_2)",
				"decl": {
					"start": { "line": 21, "column": 16 },
					"end": { "line": 21, "column": 24 }
				},
				"loc": {
					"start": { "line": 21, "column": 27 },
					"end": { "line": 25, "column": 4 }
				}
			}
		},
		"branchMap": {},
		"s": { "0": 0, "1": 0, "2": 0, "3": 0, "4": 0, "5": 0, "6": 0 },
		"f": { "0": 0, "1": 0 },
		"b": {}
	},
	"/home/iampeterbanjo/clever-cloud/iampeterbanjo.com/packages/server/src/blog/plugin.ts": {
		"path": "/home/iampeterbanjo/clever-cloud/iampeterbanjo.com/packages/server/src/blog/plugin.ts",
		"statementMap": {
			"0": {
				"start": { "line": 1, "column": 0 },
				"end": { "line": 1, "column": 24 }
			},
			"1": {
				"start": { "line": 2, "column": 0 },
				"end": { "line": 2, "column": 29 }
			},
			"2": {
				"start": { "line": 3, "column": 0 },
				"end": { "line": 3, "column": 30 }
			},
			"3": {
				"start": { "line": 5, "column": 20 },
				"end": { "line": 5, "column": 25 }
			},
			"4": {
				"start": { "line": 7, "column": 0 },
				"end": { "line": 48, "column": 2 }
			},
			"5": {
				"start": { "line": 11, "column": 2 },
				"end": { "line": 11, "column": 25 }
			},
			"6": {
				"start": { "line": 13, "column": 20 },
				"end": { "line": 13, "column": 46 }
			},
			"7": {
				"start": { "line": 14, "column": 2 },
				"end": { "line": 26, "column": 5 }
			},
			"8": {
				"start": { "line": 18, "column": 4 },
				"end": { "line": 24, "column": null }
			},
			"9": {
				"start": { "line": 19, "column": 23 },
				"end": { "line": 19, "column": 63 }
			},
			"10": {
				"start": { "line": 21, "column": 5 },
				"end": { "line": 21, "column": 22 }
			},
			"11": {
				"start": { "line": 23, "column": 5 },
				"end": { "line": 23, "column": 32 }
			},
			"12": {
				"start": { "line": 28, "column": 22 },
				"end": { "line": 28, "column": 50 }
			},
			"13": {
				"start": { "line": 29, "column": 2 },
				"end": { "line": 46, "column": 5 }
			},
			"14": {
				"start": { "line": 33, "column": 4 },
				"end": { "line": 44, "column": null }
			},
			"15": {
				"start": { "line": 34, "column": 22 },
				"end": { "line": 34, "column": 36 }
			},
			"16": {
				"start": { "line": 35, "column": 22 },
				"end": { "line": 35, "column": 69 }
			},
			"17": {
				"start": { "line": 37, "column": 5 },
				"end": { "line": 39, "column": null }
			},
			"18": {
				"start": { "line": 38, "column": 6 },
				"end": { "line": 38, "column": 64 }
			},
			"19": {
				"start": { "line": 41, "column": 5 },
				"end": { "line": 41, "column": 21 }
			},
			"20": {
				"start": { "line": 43, "column": 5 },
				"end": { "line": 43, "column": 32 }
			}
		},
		"fnMap": {
			"0": {
				"name": "(anonymous_1)",
				"decl": {
					"start": { "line": 10, "column": 11 },
					"end": { "line": 10, "column": 12 }
				},
				"loc": {
					"start": { "line": 10, "column": 35 },
					"end": { "line": 47, "column": 2 }
				}
			},
			"1": {
				"name": "(anonymous_2)",
				"decl": {
					"start": { "line": 17, "column": 12 },
					"end": { "line": 17, "column": 17 }
				},
				"loc": {
					"start": { "line": 17, "column": 23 },
					"end": { "line": 25, "column": 4 }
				}
			},
			"2": {
				"name": "(anonymous_3)",
				"decl": {
					"start": { "line": 32, "column": 12 },
					"end": { "line": 32, "column": 17 }
				},
				"loc": {
					"start": { "line": 32, "column": 33 },
					"end": { "line": 45, "column": 4 }
				}
			}
		},
		"branchMap": {
			"0": {
				"loc": {
					"start": { "line": 37, "column": 5 },
					"end": { "line": 39, "column": null }
				},
				"type": "if",
				"locations": [
					{
						"start": { "line": 37, "column": 5 },
						"end": { "line": 39, "column": null }
					},
					{
						"start": { "line": 37, "column": 5 },
						"end": { "line": 39, "column": null }
					}
				]
			}
		},
		"s": {
			"0": 0,
			"1": 0,
			"2": 0,
			"3": 0,
			"4": 0,
			"5": 0,
			"6": 0,
			"7": 0,
			"8": 0,
			"9": 0,
			"10": 0,
			"11": 0,
			"12": 0,
			"13": 0,
			"14": 0,
			"15": 0,
			"16": 0,
			"17": 0,
			"18": 0,
			"19": 0,
			"20": 0
		},
		"f": { "0": 0, "1": 0, "2": 0 },
		"b": { "0": [0, 0] }
	},
	"/home/iampeterbanjo/clever-cloud/iampeterbanjo.com/packages/server/src/blog/routes.ts": {
		"path": "/home/iampeterbanjo/clever-cloud/iampeterbanjo.com/packages/server/src/blog/routes.ts",
		"statementMap": {
			"0": {
				"start": { "line": 1, "column": 0 },
				"end": { "line": 1, "column": 29 }
			},
			"1": {
				"start": { "line": 3, "column": 21 },
				"end": { "line": 3, "column": 26 }
			},
			"2": {
				"start": { "line": 4, "column": 23 },
				"end": { "line": 14, "column": 1 }
			},
			"3": {
				"start": { "line": 5, "column": 13 },
				"end": { "line": 5, "column": 29 }
			},
			"4": {
				"start": { "line": 6, "column": 16 },
				"end": { "line": 6, "column": 21 }
			},
			"5": {
				"start": { "line": 8, "column": 1 },
				"end": { "line": 13, "column": 3 }
			},
			"6": {
				"start": { "line": 12, "column": 16 },
				"end": { "line": 12, "column": 45 }
			},
			"7": {
				"start": { "line": 20, "column": 25 },
				"end": { "line": 31, "column": 1 }
			},
			"8": {
				"start": { "line": 21, "column": 14 },
				"end": { "line": 21, "column": 37 }
			},
			"9": {
				"start": { "line": 22, "column": 13 },
				"end": { "line": 22, "column": 41 }
			},
			"10": {
				"start": { "line": 23, "column": 16 },
				"end": { "line": 23, "column": 21 }
			},
			"11": {
				"start": { "line": 25, "column": 1 },
				"end": { "line": 30, "column": 3 }
			},
			"12": {
				"start": { "line": 29, "column": 16 },
				"end": { "line": 29, "column": 45 }
			},
			"13": {
				"start": { "line": 33, "column": 0 },
				"end": { "line": 38, "column": 2 }
			}
		},
		"fnMap": {
			"0": {
				"name": "(anonymous_1)",
				"decl": {
					"start": { "line": 4, "column": 23 },
					"end": { "line": 4, "column": 26 }
				},
				"loc": {
					"start": { "line": 4, "column": 28 },
					"end": { "line": 14, "column": 1 }
				}
			},
			"1": {
				"name": "(anonymous_2)",
				"decl": {
					"start": { "line": 12, "column": 10 },
					"end": { "line": 12, "column": 13 }
				},
				"loc": {
					"start": { "line": 12, "column": 16 },
					"end": { "line": 12, "column": 45 }
				}
			},
			"2": {
				"name": "(anonymous_3)",
				"decl": {
					"start": { "line": 20, "column": 25 },
					"end": { "line": 20, "column": 26 }
				},
				"loc": {
					"start": { "line": 20, "column": 43 },
					"end": { "line": 31, "column": 1 }
				}
			},
			"3": {
				"name": "(anonymous_4)",
				"decl": {
					"start": { "line": 29, "column": 10 },
					"end": { "line": 29, "column": 13 }
				},
				"loc": {
					"start": { "line": 29, "column": 16 },
					"end": { "line": 29, "column": 45 }
				}
			}
		},
		"branchMap": {
			"0": {
				"loc": {
					"start": { "line": 20, "column": 37 },
					"end": { "line": 20, "column": 39 }
				},
				"type": "default-arg",
				"locations": [
					{
						"start": { "line": 20, "column": 37 },
						"end": { "line": 20, "column": 39 }
					}
				]
			}
		},
		"s": {
			"0": 0,
			"1": 0,
			"2": 0,
			"3": 0,
			"4": 0,
			"5": 0,
			"6": 0,
			"7": 0,
			"8": 0,
			"9": 0,
			"10": 0,
			"11": 0,
			"12": 0,
			"13": 0
		},
		"f": { "0": 0, "1": 0, "2": 0, "3": 0 },
		"b": { "0": [0] }
	},
	"/home/iampeterbanjo/clever-cloud/iampeterbanjo.com/packages/server/src/cqc/api.ts": {
		"path": "/home/iampeterbanjo/clever-cloud/iampeterbanjo.com/packages/server/src/cqc/api.ts",
		"statementMap": {
			"0": {
				"start": { "line": 1, "column": 0 },
				"end": { "line": 11, "column": 2 }
			},
			"1": {
				"start": { "line": 5, "column": 2 },
				"end": { "line": 9, "column": 5 }
			},
			"2": {
				"start": { "line": 8, "column": 24 },
				"end": { "line": 8, "column": 61 }
			}
		},
		"fnMap": {
			"0": {
				"name": "(anonymous_0)",
				"decl": {
					"start": { "line": 4, "column": 11 },
					"end": { "line": 4, "column": 12 }
				},
				"loc": {
					"start": { "line": 4, "column": 34 },
					"end": { "line": 10, "column": 2 }
				}
			},
			"1": {
				"name": "(anonymous_1)",
				"decl": {
					"start": { "line": 8, "column": 12 },
					"end": { "line": 8, "column": 17 }
				},
				"loc": {
					"start": { "line": 8, "column": 24 },
					"end": { "line": 8, "column": 61 }
				}
			}
		},
		"branchMap": {},
		"s": { "0": 0, "1": 0, "2": 0 },
		"f": { "0": 0, "1": 0 },
		"b": {}
	},
	"/home/iampeterbanjo/clever-cloud/iampeterbanjo.com/packages/server/src/cqc/index.ts": {
		"path": "/home/iampeterbanjo/clever-cloud/iampeterbanjo.com/packages/server/src/cqc/index.ts",
		"statementMap": {
			"0": {
				"start": { "line": 1, "column": 0 },
				"end": { "line": 1, "column": 32 }
			},
			"1": {
				"start": { "line": 2, "column": 0 },
				"end": { "line": 2, "column": 27 }
			},
			"2": {
				"start": { "line": 4, "column": 15 },
				"end": { "line": 4, "column": 67 }
			},
			"3": {
				"start": { "line": 6, "column": 0 },
				"end": { "line": 9, "column": 2 }
			}
		},
		"fnMap": {},
		"branchMap": {},
		"s": { "0": 0, "1": 0, "2": 0, "3": 0 },
		"f": {},
		"b": {}
	},
	"/home/iampeterbanjo/clever-cloud/iampeterbanjo.com/packages/server/src/good/index.ts": {
		"path": "/home/iampeterbanjo/clever-cloud/iampeterbanjo.com/packages/server/src/good/index.ts",
		"statementMap": {
			"0": {
				"start": { "line": 1, "column": 0 },
				"end": { "line": 1, "column": 32 }
			},
			"1": {
				"start": { "line": 3, "column": 0 },
				"end": { "line": 20, "column": 2 }
			}
		},
		"fnMap": {},
		"branchMap": {},
		"s": { "0": 0, "1": 0 },
		"f": {},
		"b": {}
	},
	"/home/iampeterbanjo/clever-cloud/iampeterbanjo.com/packages/server/src/hapi-dev-errors/index.ts": {
		"path": "/home/iampeterbanjo/clever-cloud/iampeterbanjo.com/packages/server/src/hapi-dev-errors/index.ts",
		"statementMap": {
			"0": {
				"start": { "line": 1, "column": 0 },
				"end": { "line": 1, "column": 37 }
			},
			"1": {
				"start": { "line": 3, "column": 0 },
				"end": { "line": 8, "column": 2 }
			}
		},
		"fnMap": {},
		"branchMap": {},
		"s": { "0": 0, "1": 0 },
		"f": {},
		"b": {}
	},
	"/home/iampeterbanjo/clever-cloud/iampeterbanjo.com/packages/server/src/hapi-inert/index.ts": {
		"path": "/home/iampeterbanjo/clever-cloud/iampeterbanjo.com/packages/server/src/hapi-inert/index.ts",
		"statementMap": {
			"0": {
				"start": { "line": 1, "column": 0 },
				"end": { "line": 1, "column": 33 }
			},
			"1": {
				"start": { "line": 3, "column": 0 },
				"end": { "line": 5, "column": 2 }
			}
		},
		"fnMap": {},
		"branchMap": {},
		"s": { "0": 0, "1": 0 },
		"f": {},
		"b": {}
	},
	"/home/iampeterbanjo/clever-cloud/iampeterbanjo.com/packages/server/src/hapi-vision/index.ts": {
		"path": "/home/iampeterbanjo/clever-cloud/iampeterbanjo.com/packages/server/src/hapi-vision/index.ts",
		"statementMap": {
			"0": {
				"start": { "line": 1, "column": 0 },
				"end": { "line": 1, "column": 34 }
			},
			"1": {
				"start": { "line": 3, "column": 0 },
				"end": { "line": 5, "column": 2 }
			}
		},
		"fnMap": {},
		"branchMap": {},
		"s": { "0": 0, "1": 0 },
		"f": {},
		"b": {}
	},
	"/home/iampeterbanjo/clever-cloud/iampeterbanjo.com/packages/server/src/https-here/https-here.ts": {
		"path": "/home/iampeterbanjo/clever-cloud/iampeterbanjo.com/packages/server/src/https-here/https-here.ts",
		"statementMap": {
			"0": {
				"start": { "line": 3, "column": 0 },
				"end": { "line": 22, "column": 2 }
			},
			"1": {
				"start": { "line": 6, "column": 2 },
				"end": { "line": 20, "column": 5 }
			},
			"2": {
				"start": { "line": 8, "column": 4 },
				"end": { "line": 10, "column": 46 }
			},
			"3": {
				"start": { "line": 11, "column": 16 },
				"end": { "line": 11, "column": 75 }
			},
			"4": {
				"start": { "line": 13, "column": 3 },
				"end": { "line": 13, "column": 36 }
			},
			"5": {
				"start": { "line": 13, "column": 18 },
				"end": { "line": 13, "column": 36 }
			},
			"6": {
				"start": { "line": 14, "column": 34 },
				"end": { "line": 14, "column": 45 }
			},
			"7": {
				"start": { "line": 16, "column": 3 },
				"end": { "line": 19, "column": 15 }
			}
		},
		"fnMap": {
			"0": {
				"name": "(anonymous_0)",
				"decl": {
					"start": { "line": 5, "column": 11 },
					"end": { "line": 5, "column": 20 }
				},
				"loc": {
					"start": { "line": 5, "column": 35 },
					"end": { "line": 21, "column": 2 }
				}
			},
			"1": {
				"name": "(anonymous_1)",
				"decl": {
					"start": { "line": 6, "column": 26 },
					"end": { "line": 6, "column": 27 }
				},
				"loc": {
					"start": { "line": 6, "column": 41 },
					"end": { "line": 20, "column": 3 }
				}
			}
		},
		"branchMap": {
			"0": {
				"loc": {
					"start": { "line": 9, "column": 7 },
					"end": { "line": 9, "column": 54 }
				},
				"type": "cond-expr",
				"locations": [
					{
						"start": { "line": 9, "column": 7 },
						"end": { "line": 9, "column": 54 }
					},
					{
						"start": { "line": 10, "column": 7 },
						"end": { "line": 10, "column": 46 }
					}
				]
			},
			"1": {
				"loc": {
					"start": { "line": 11, "column": 16 },
					"end": { "line": 11, "column": 51 }
				},
				"type": "binary-expr",
				"locations": [
					{
						"start": { "line": 11, "column": 16 },
						"end": { "line": 11, "column": 51 }
					},
					{
						"start": { "line": 11, "column": 55 },
						"end": { "line": 11, "column": 75 }
					}
				]
			},
			"2": {
				"loc": {
					"start": { "line": 13, "column": 3 },
					"end": { "line": 13, "column": 36 }
				},
				"type": "if",
				"locations": [
					{
						"start": { "line": 13, "column": 3 },
						"end": { "line": 13, "column": 36 }
					},
					{
						"start": { "line": 13, "column": 3 },
						"end": { "line": 13, "column": 36 }
					}
				]
			},
			"3": {
				"loc": {
					"start": { "line": 14, "column": 18 },
					"end": { "line": 14, "column": 21 }
				},
				"type": "default-arg",
				"locations": [
					{
						"start": { "line": 14, "column": 18 },
						"end": { "line": 14, "column": 21 }
					}
				]
			}
		},
		"s": { "0": 0, "1": 0, "2": 0, "3": 0, "4": 0, "5": 0, "6": 0, "7": 0 },
		"f": { "0": 0, "1": 0 },
		"b": { "0": [0, 0], "1": [0, 0], "2": [0, 0], "3": [0] }
	},
	"/home/iampeterbanjo/clever-cloud/iampeterbanjo.com/packages/server/src/https-here/index.ts": {
		"path": "/home/iampeterbanjo/clever-cloud/iampeterbanjo.com/packages/server/src/https-here/index.ts",
		"statementMap": {
			"0": {
				"start": { "line": 1, "column": 0 },
				"end": { "line": 1, "column": 34 }
			},
			"1": {
				"start": { "line": 3, "column": 0 },
				"end": { "line": 5, "column": 2 }
			}
		},
		"fnMap": {},
		"branchMap": {},
		"s": { "0": 0, "1": 0 },
		"f": {},
		"b": {}
	},
	"/home/iampeterbanjo/clever-cloud/iampeterbanjo.com/packages/server/src/korin/helpers.ts": {
		"path": "/home/iampeterbanjo/clever-cloud/iampeterbanjo.com/packages/server/src/korin/helpers.ts",
		"statementMap": {
			"0": {
				"start": { "line": 1, "column": 0 },
				"end": { "line": 1, "column": 30 }
			},
			"1": {
				"start": { "line": 2, "column": 0 },
				"end": { "line": 2, "column": 83 }
			},
			"2": {
				"start": { "line": 3, "column": 0 },
				"end": { "line": 3, "column": 62 }
			},
			"3": {
				"start": { "line": 4, "column": 0 },
				"end": { "line": 4, "column": 29 }
			},
			"4": {
				"start": { "line": 11, "column": 4 },
				"end": { "line": 11, "column": 9 }
			},
			"5": {
				"start": { "line": 19, "column": 4 },
				"end": { "line": 19, "column": 8 }
			},
			"6": {
				"start": { "line": 26, "column": 20 },
				"end": { "line": 30, "column": 1 }
			},
			"7": {
				"start": { "line": 27, "column": 15 },
				"end": { "line": 27, "column": 51 }
			},
			"8": {
				"start": { "line": 29, "column": 1 },
				"end": { "line": 29, "column": 54 }
			},
			"9": {
				"start": { "line": 32, "column": 26 },
				"end": { "line": 40, "column": 1 }
			},
			"10": {
				"start": { "line": 33, "column": 15 },
				"end": { "line": 37, "column": 3 }
			},
			"11": {
				"start": { "line": 39, "column": 1 },
				"end": { "line": 39, "column": 48 }
			},
			"12": {
				"start": { "line": 52, "column": 18 },
				"end": { "line": 57, "column": 1 }
			},
			"13": {
				"start": { "line": 53, "column": 20 },
				"end": { "line": 53, "column": 41 }
			},
			"14": {
				"start": { "line": 54, "column": 16 },
				"end": { "line": 54, "column": 41 }
			},
			"15": {
				"start": { "line": 56, "column": 1 },
				"end": { "line": 56, "column": 15 }
			},
			"16": {
				"start": { "line": 68, "column": 20 },
				"end": { "line": 68, "column": 67 }
			},
			"17": {
				"start": { "line": 68, "column": 28 },
				"end": { "line": 68, "column": 67 }
			},
			"18": {
				"start": { "line": 74, "column": 28 },
				"end": { "line": 78, "column": 1 }
			},
			"19": {
				"start": { "line": 75, "column": 18 },
				"end": { "line": 75, "column": 43 }
			},
			"20": {
				"start": { "line": 76, "column": 16 },
				"end": { "line": 76, "column": 35 }
			},
			"21": {
				"start": { "line": 77, "column": 1 },
				"end": { "line": 77, "column": 15 }
			},
			"22": {
				"start": { "line": 84, "column": 18 },
				"end": { "line": 88, "column": 1 }
			},
			"23": {
				"start": { "line": 85, "column": 20 },
				"end": { "line": 85, "column": 70 }
			},
			"24": {
				"start": { "line": 87, "column": 1 },
				"end": { "line": 87, "column": 15 }
			},
			"25": {
				"start": { "line": 97, "column": 19 },
				"end": { "line": 112, "column": 1 }
			},
			"26": {
				"start": { "line": 98, "column": 29 },
				"end": { "line": 102, "column": 3 }
			},
			"27": {
				"start": { "line": 104, "column": 1 },
				"end": { "line": 111, "column": 4 }
			},
			"28": {
				"start": { "line": 105, "column": 2 },
				"end": { "line": 110, "column": 5 }
			},
			"29": {
				"start": { "line": 106, "column": 3 },
				"end": { "line": 108, "column": null }
			},
			"30": {
				"start": { "line": 107, "column": 4 },
				"end": { "line": 107, "column": 25 }
			},
			"31": {
				"start": { "line": 109, "column": 3 },
				"end": { "line": 109, "column": 28 }
			},
			"32": {
				"start": { "line": 118, "column": 23 },
				"end": { "line": 126, "column": 1 }
			},
			"33": {
				"start": { "line": 119, "column": 21 },
				"end": { "line": 122, "column": 3 }
			},
			"34": {
				"start": { "line": 124, "column": 17 },
				"end": { "line": 124, "column": 48 }
			},
			"35": {
				"start": { "line": 125, "column": 1 },
				"end": { "line": 125, "column": 16 }
			},
			"36": {
				"start": { "line": 136, "column": 30 },
				"end": { "line": 154, "column": 1 }
			},
			"37": {
				"start": { "line": 137, "column": 1 },
				"end": { "line": 142, "column": null }
			},
			"38": {
				"start": { "line": 138, "column": 2 },
				"end": { "line": 141, "column": 4 }
			},
			"39": {
				"start": { "line": 144, "column": 17 },
				"end": { "line": 148, "column": 3 }
			},
			"40": {
				"start": { "line": 150, "column": 17 },
				"end": { "line": 150, "column": 42 }
			},
			"41": {
				"start": { "line": 151, "column": 17 },
				"end": { "line": 151, "column": 40 }
			},
			"42": {
				"start": { "line": 153, "column": 1 },
				"end": { "line": 153, "column": 29 }
			},
			"43": {
				"start": { "line": 163, "column": 35 },
				"end": { "line": 171, "column": 1 }
			},
			"44": {
				"start": { "line": 164, "column": 16 },
				"end": { "line": 164, "column": 36 }
			},
			"45": {
				"start": { "line": 165, "column": 18 },
				"end": { "line": 165, "column": 43 }
			},
			"46": {
				"start": { "line": 166, "column": 16 },
				"end": { "line": 166, "column": 41 }
			},
			"47": {
				"start": { "line": 167, "column": 16 },
				"end": { "line": 167, "column": 39 }
			},
			"48": {
				"start": { "line": 168, "column": 30 },
				"end": { "line": 168, "column": 65 }
			},
			"49": {
				"start": { "line": 170, "column": 1 },
				"end": { "line": 170, "column": 29 }
			},
			"50": {
				"start": { "line": 173, "column": 0 },
				"end": { "line": 183, "column": 2 }
			}
		},
		"fnMap": {
			"0": {
				"name": "(anonymous_1)",
				"decl": {
					"start": { "line": 26, "column": 20 },
					"end": { "line": 26, "column": 25 }
				},
				"loc": {
					"start": { "line": 26, "column": 35 },
					"end": { "line": 30, "column": 1 }
				}
			},
			"1": {
				"name": "(anonymous_2)",
				"decl": {
					"start": { "line": 32, "column": 26 },
					"end": { "line": 32, "column": 31 }
				},
				"loc": {
					"start": { "line": 32, "column": 37 },
					"end": { "line": 40, "column": 1 }
				}
			},
			"2": {
				"name": "(anonymous_3)",
				"decl": {
					"start": { "line": 52, "column": 18 },
					"end": { "line": 52, "column": 22 }
				},
				"loc": {
					"start": { "line": 52, "column": 25 },
					"end": { "line": 57, "column": 1 }
				}
			},
			"3": {
				"name": "(anonymous_4)",
				"decl": {
					"start": { "line": 68, "column": 20 },
					"end": { "line": 68, "column": 24 }
				},
				"loc": {
					"start": { "line": 68, "column": 28 },
					"end": { "line": 68, "column": 67 }
				}
			},
			"4": {
				"name": "(anonymous_5)",
				"decl": {
					"start": { "line": 74, "column": 28 },
					"end": { "line": 74, "column": 33 }
				},
				"loc": {
					"start": { "line": 74, "column": 43 },
					"end": { "line": 78, "column": 1 }
				}
			},
			"5": {
				"name": "(anonymous_6)",
				"decl": {
					"start": { "line": 84, "column": 18 },
					"end": { "line": 84, "column": 23 }
				},
				"loc": {
					"start": { "line": 84, "column": 33 },
					"end": { "line": 88, "column": 1 }
				}
			},
			"6": {
				"name": "(anonymous_7)",
				"decl": {
					"start": { "line": 97, "column": 19 },
					"end": { "line": 97, "column": 26 }
				},
				"loc": {
					"start": { "line": 97, "column": 29 },
					"end": { "line": 112, "column": 1 }
				}
			},
			"7": {
				"name": "(anonymous_8)",
				"decl": {
					"start": { "line": 104, "column": 20 },
					"end": { "line": 104, "column": 21 }
				},
				"loc": {
					"start": { "line": 104, "column": 40 },
					"end": { "line": 111, "column": 2 }
				}
			},
			"8": {
				"name": "(anonymous_9)",
				"decl": {
					"start": { "line": 105, "column": 39 },
					"end": { "line": 105, "column": 40 }
				},
				"loc": {
					"start": { "line": 105, "column": 59 },
					"end": { "line": 110, "column": 3 }
				}
			},
			"9": {
				"name": "(anonymous_10)",
				"decl": {
					"start": { "line": 118, "column": 23 },
					"end": { "line": 118, "column": 30 }
				},
				"loc": {
					"start": { "line": 118, "column": 33 },
					"end": { "line": 126, "column": 1 }
				}
			},
			"10": {
				"name": "(anonymous_11)",
				"decl": {
					"start": { "line": 136, "column": 30 },
					"end": { "line": 136, "column": 35 }
				},
				"loc": {
					"start": { "line": 136, "column": 45 },
					"end": { "line": 154, "column": 1 }
				}
			},
			"11": {
				"name": "(anonymous_12)",
				"decl": {
					"start": { "line": 163, "column": 35 },
					"end": { "line": 163, "column": 40 }
				},
				"loc": {
					"start": { "line": 163, "column": 63 },
					"end": { "line": 171, "column": 1 }
				}
			}
		},
		"branchMap": {
			"0": {
				"loc": {
					"start": { "line": 15, "column": 18 },
					"end": { "line": 15, "column": 20 }
				},
				"type": "default-arg",
				"locations": [
					{
						"start": { "line": 15, "column": 18 },
						"end": { "line": 15, "column": 20 }
					}
				]
			},
			"1": {
				"loc": {
					"start": { "line": 106, "column": 3 },
					"end": { "line": 108, "column": null }
				},
				"type": "if",
				"locations": [
					{
						"start": { "line": 106, "column": 3 },
						"end": { "line": 108, "column": null }
					},
					{
						"start": { "line": 106, "column": 3 },
						"end": { "line": 108, "column": null }
					}
				]
			},
			"2": {
				"loc": {
					"start": { "line": 137, "column": 1 },
					"end": { "line": 142, "column": null }
				},
				"type": "if",
				"locations": [
					{
						"start": { "line": 137, "column": 1 },
						"end": { "line": 142, "column": null }
					},
					{
						"start": { "line": 137, "column": 1 },
						"end": { "line": 142, "column": null }
					}
				]
			}
		},
		"s": {
			"0": 0,
			"1": 0,
			"2": 0,
			"3": 0,
			"4": 0,
			"5": 0,
			"6": 0,
			"7": 0,
			"8": 0,
			"9": 0,
			"10": 0,
			"11": 0,
			"12": 0,
			"13": 0,
			"14": 0,
			"15": 0,
			"16": 0,
			"17": 0,
			"18": 0,
			"19": 0,
			"20": 0,
			"21": 0,
			"22": 0,
			"23": 0,
			"24": 0,
			"25": 0,
			"26": 0,
			"27": 0,
			"28": 0,
			"29": 0,
			"30": 0,
			"31": 0,
			"32": 0,
			"33": 0,
			"34": 0,
			"35": 0,
			"36": 0,
			"37": 0,
			"38": 0,
			"39": 0,
			"40": 0,
			"41": 0,
			"42": 0,
			"43": 0,
			"44": 0,
			"45": 0,
			"46": 0,
			"47": 0,
			"48": 0,
			"49": 0,
			"50": 0
		},
		"f": {
			"0": 0,
			"1": 0,
			"2": 0,
			"3": 0,
			"4": 0,
			"5": 0,
			"6": 0,
			"7": 0,
			"8": 0,
			"9": 0,
			"10": 0,
			"11": 0
		},
		"b": { "0": [0], "1": [0, 0], "2": [0, 0] }
	},
	"/home/iampeterbanjo/clever-cloud/iampeterbanjo.com/packages/server/src/korin/methods.ts": {
		"path": "/home/iampeterbanjo/clever-cloud/iampeterbanjo.com/packages/server/src/korin/methods.ts",
		"statementMap": {
			"0": {
				"start": { "line": 1, "column": 0 },
				"end": { "line": 1, "column": 28 }
			},
			"1": {
				"start": { "line": 2, "column": 0 },
				"end": { "line": 2, "column": 29 }
			},
			"2": {
				"start": { "line": 3, "column": 0 },
				"end": { "line": 3, "column": 32 }
			},
			"3": {
				"start": { "line": 5, "column": 58 },
				"end": { "line": 5, "column": 65 }
			},
			"4": {
				"start": { "line": 6, "column": 27 },
				"end": { "line": 6, "column": 32 }
			},
			"5": {
				"start": { "line": 7, "column": 0 },
				"end": { "line": 30, "column": 2 }
			},
			"6": {
				"start": { "line": 14, "column": 19 },
				"end": { "line": 14, "column": 39 }
			},
			"7": {
				"start": { "line": 16, "column": 4 },
				"end": { "line": 18, "column": 20 }
			},
			"8": {
				"start": { "line": 27, "column": 22 },
				"end": { "line": 27, "column": 60 }
			}
		},
		"fnMap": {
			"0": {
				"name": "(anonymous_1)",
				"decl": {
					"start": { "line": 13, "column": 16 },
					"end": { "line": 13, "column": 17 }
				},
				"loc": {
					"start": { "line": 13, "column": 38 },
					"end": { "line": 19, "column": 4 }
				}
			},
			"1": {
				"name": "(anonymous_2)",
				"decl": {
					"start": { "line": 27, "column": 16 },
					"end": { "line": 27, "column": 19 }
				},
				"loc": {
					"start": { "line": 27, "column": 22 },
					"end": { "line": 27, "column": 60 }
				}
			}
		},
		"branchMap": {},
		"s": {
			"0": 0,
			"1": 0,
			"2": 0,
			"3": 0,
			"4": 0,
			"5": 0,
			"6": 0,
			"7": 0,
			"8": 0
		},
		"f": { "0": 0, "1": 0 },
		"b": {}
	},
	"/home/iampeterbanjo/clever-cloud/iampeterbanjo.com/packages/server/src/korin/plugin.ts": {
		"path": "/home/iampeterbanjo/clever-cloud/iampeterbanjo.com/packages/server/src/korin/plugin.ts",
		"statementMap": {
			"0": {
				"start": { "line": 1, "column": 0 },
				"end": { "line": 1, "column": 24 }
			},
			"1": {
				"start": { "line": 2, "column": 0 },
				"end": { "line": 2, "column": 30 }
			},
			"2": {
				"start": { "line": 4, "column": 0 },
				"end": { "line": 50, "column": 2 }
			},
			"3": {
				"start": { "line": 8, "column": 2 },
				"end": { "line": 8, "column": 25 }
			},
			"4": {
				"start": { "line": 10, "column": 25 },
				"end": { "line": 10, "column": 53 }
			},
			"5": {
				"start": { "line": 11, "column": 2 },
				"end": { "line": 23, "column": 5 }
			},
			"6": {
				"start": { "line": 15, "column": 4 },
				"end": { "line": 21, "column": null }
			},
			"7": {
				"start": { "line": 16, "column": 20 },
				"end": { "line": 16, "column": 66 }
			},
			"8": {
				"start": { "line": 18, "column": 5 },
				"end": { "line": 18, "column": 19 }
			},
			"9": {
				"start": { "line": 20, "column": 5 },
				"end": { "line": 20, "column": 32 }
			},
			"10": {
				"start": { "line": 25, "column": 26 },
				"end": { "line": 25, "column": 56 }
			},
			"11": {
				"start": { "line": 26, "column": 2 },
				"end": { "line": 48, "column": 5 }
			},
			"12": {
				"start": { "line": 30, "column": 4 },
				"end": { "line": 46, "column": null }
			},
			"13": {
				"start": { "line": 31, "column": 31 },
				"end": { "line": 31, "column": 45 }
			},
			"14": {
				"start": { "line": 32, "column": 27 },
				"end": { "line": 32, "column": 44 }
			},
			"15": {
				"start": { "line": 33, "column": 26 },
				"end": { "line": 33, "column": 42 }
			},
			"16": {
				"start": { "line": 38, "column": 9 },
				"end": { "line": 41, "column": 7 }
			},
			"17": {
				"start": { "line": 43, "column": 5 },
				"end": { "line": 43, "column": 33 }
			},
			"18": {
				"start": { "line": 45, "column": 5 },
				"end": { "line": 45, "column": 32 }
			}
		},
		"fnMap": {
			"0": {
				"name": "(anonymous_1)",
				"decl": {
					"start": { "line": 7, "column": 11 },
					"end": { "line": 7, "column": 12 }
				},
				"loc": {
					"start": { "line": 7, "column": 35 },
					"end": { "line": 49, "column": 2 }
				}
			},
			"1": {
				"name": "(anonymous_2)",
				"decl": {
					"start": { "line": 14, "column": 12 },
					"end": { "line": 14, "column": 17 }
				},
				"loc": {
					"start": { "line": 14, "column": 23 },
					"end": { "line": 22, "column": 4 }
				}
			},
			"2": {
				"name": "(anonymous_3)",
				"decl": {
					"start": { "line": 29, "column": 12 },
					"end": { "line": 29, "column": 17 }
				},
				"loc": {
					"start": { "line": 29, "column": 28 },
					"end": { "line": 47, "column": 4 }
				}
			}
		},
		"branchMap": {},
		"s": {
			"0": 1,
			"1": 1,
			"2": 1,
			"3": 2,
			"4": 2,
			"5": 2,
			"6": 0,
			"7": 0,
			"8": 0,
			"9": 0,
			"10": 2,
			"11": 2,
			"12": 0,
			"13": 0,
			"14": 0,
			"15": 0,
			"16": 0,
			"17": 0,
			"18": 0
		},
		"f": { "0": 2, "1": 0, "2": 0 },
		"b": {}
	},
	"/home/iampeterbanjo/clever-cloud/iampeterbanjo.com/packages/server/src/korin/routes.ts": {
		"path": "/home/iampeterbanjo/clever-cloud/iampeterbanjo.com/packages/server/src/korin/routes.ts",
		"statementMap": {
			"0": {
				"start": { "line": 1, "column": 0 },
				"end": { "line": 1, "column": 29 }
			},
			"1": {
				"start": { "line": 3, "column": 30 },
				"end": { "line": 3, "column": 35 }
			},
			"2": {
				"start": { "line": 4, "column": 25 },
				"end": { "line": 13, "column": 1 }
			},
			"3": {
				"start": { "line": 5, "column": 16 },
				"end": { "line": 5, "column": 21 }
			},
			"4": {
				"start": { "line": 6, "column": 13 },
				"end": { "line": 6, "column": 31 }
			},
			"5": {
				"start": { "line": 7, "column": 1 },
				"end": { "line": 12, "column": 3 }
			},
			"6": {
				"start": { "line": 11, "column": 16 },
				"end": { "line": 11, "column": 45 }
			},
			"7": {
				"start": { "line": 15, "column": 27 },
				"end": { "line": 25, "column": 1 }
			},
			"8": {
				"start": { "line": 18, "column": 27 },
				"end": { "line": 18, "column": 34 }
			},
			"9": {
				"start": { "line": 19, "column": 21 },
				"end": { "line": 19, "column": 42 }
			},
			"10": {
				"start": { "line": 20, "column": 20 },
				"end": { "line": 20, "column": 40 }
			},
			"11": {
				"start": { "line": 21, "column": 16 },
				"end": { "line": 21, "column": 21 }
			},
			"12": {
				"start": { "line": 22, "column": 13 },
				"end": { "line": 22, "column": 53 }
			},
			"13": {
				"start": { "line": 23, "column": 14 },
				"end": { "line": 23, "column": 42 }
			},
			"14": {
				"start": { "line": 24, "column": 1 },
				"end": { "line": 24, "column": 75 }
			},
			"15": {
				"start": { "line": 24, "column": 43 },
				"end": { "line": 24, "column": 72 }
			},
			"16": {
				"start": { "line": 27, "column": 0 },
				"end": { "line": 32, "column": 2 }
			}
		},
		"fnMap": {
			"0": {
				"name": "(anonymous_1)",
				"decl": {
					"start": { "line": 4, "column": 25 },
					"end": { "line": 4, "column": 28 }
				},
				"loc": {
					"start": { "line": 4, "column": 30 },
					"end": { "line": 13, "column": 1 }
				}
			},
			"1": {
				"name": "(anonymous_2)",
				"decl": {
					"start": { "line": 11, "column": 10 },
					"end": { "line": 11, "column": 13 }
				},
				"loc": {
					"start": { "line": 11, "column": 16 },
					"end": { "line": 11, "column": 45 }
				}
			},
			"2": {
				"name": "(anonymous_3)",
				"decl": {
					"start": { "line": 15, "column": 27 },
					"end": { "line": 15, "column": null }
				},
				"loc": {
					"start": { "line": 17, "column": 4 },
					"end": { "line": 25, "column": 1 }
				}
			},
			"3": {
				"name": "(anonymous_4)",
				"decl": {
					"start": { "line": 24, "column": 37 },
					"end": { "line": 24, "column": 40 }
				},
				"loc": {
					"start": { "line": 24, "column": 43 },
					"end": { "line": 24, "column": 72 }
				}
			}
		},
		"branchMap": {
			"0": {
				"loc": {
					"start": { "line": 16, "column": 11 },
					"end": { "line": 16, "column": 50 }
				},
				"type": "default-arg",
				"locations": [
					{
						"start": { "line": 16, "column": 11 },
						"end": { "line": 16, "column": 50 }
					}
				]
			}
		},
		"s": {
			"0": 1,
			"1": 1,
			"2": 1,
			"3": 2,
			"4": 2,
			"5": 2,
			"6": 0,
			"7": 1,
			"8": 2,
			"9": 2,
			"10": 2,
			"11": 2,
			"12": 2,
			"13": 2,
			"14": 2,
			"15": 0,
			"16": 1
		},
		"f": { "0": 2, "1": 0, "2": 2, "3": 0 },
		"b": { "0": [2] }
	},
	"/home/iampeterbanjo/clever-cloud/iampeterbanjo.com/packages/server/src/models/Profile.ts": {
		"path": "/home/iampeterbanjo/clever-cloud/iampeterbanjo.com/packages/server/src/models/Profile.ts",
		"statementMap": {
			"0": {
				"start": { "line": 1, "column": 0 },
				"end": { "line": 1, "column": 32 }
			},
			"1": {
				"start": { "line": 3, "column": 22 },
				"end": { "line": 25, "column": 2 }
			},
			"2": {
				"start": { "line": 27, "column": 0 },
				"end": { "line": 27, "column": 56 }
			}
		},
		"fnMap": {},
		"branchMap": {},
		"s": { "0": 0, "1": 0, "2": 0 },
		"f": {},
		"b": {}
	},
	"/home/iampeterbanjo/clever-cloud/iampeterbanjo.com/packages/server/src/models/TopTrack.ts": {
		"path": "/home/iampeterbanjo/clever-cloud/iampeterbanjo.com/packages/server/src/models/TopTrack.ts",
		"statementMap": {
			"0": {
				"start": { "line": 1, "column": 0 },
				"end": { "line": 1, "column": 32 }
			},
			"1": {
				"start": { "line": 2, "column": 0 },
				"end": { "line": 2, "column": 29 }
			},
			"2": {
				"start": { "line": 4, "column": 20 },
				"end": { "line": 4, "column": 25 }
			},
			"3": {
				"start": { "line": 5, "column": 23 },
				"end": { "line": 20, "column": 2 }
			},
			"4": {
				"start": { "line": 22, "column": 0 },
				"end": { "line": 26, "column": 3 }
			},
			"5": {
				"start": { "line": 24, "column": 1 },
				"end": { "line": 24, "column": 67 }
			},
			"6": {
				"start": { "line": 25, "column": 1 },
				"end": { "line": 25, "column": 8 }
			},
			"7": {
				"start": { "line": 28, "column": 0 },
				"end": { "line": 28, "column": 58 }
			}
		},
		"fnMap": {
			"0": {
				"name": "save",
				"decl": {
					"start": { "line": 22, "column": 36 },
					"end": { "line": 22, "column": 40 }
				},
				"loc": {
					"start": { "line": 22, "column": 45 },
					"end": { "line": 26, "column": 1 }
				}
			}
		},
		"branchMap": {},
		"s": { "0": 0, "1": 0, "2": 0, "3": 0, "4": 0, "5": 0, "6": 0, "7": 0 },
		"f": { "0": 0 },
		"b": {}
	},
	"/home/iampeterbanjo/clever-cloud/iampeterbanjo.com/packages/server/src/models/TopTracksRaw.ts": {
		"path": "/home/iampeterbanjo/clever-cloud/iampeterbanjo.com/packages/server/src/models/TopTracksRaw.ts",
		"statementMap": {
			"0": {
				"start": { "line": 1, "column": 0 },
				"end": { "line": 1, "column": 32 }
			},
			"1": {
				"start": { "line": 3, "column": 27 },
				"end": { "line": 25, "column": 2 }
			},
			"2": {
				"start": { "line": 27, "column": 0 },
				"end": { "line": 27, "column": 66 }
			}
		},
		"fnMap": {},
		"branchMap": {},
		"s": { "0": 0, "1": 0, "2": 0 },
		"f": {},
		"b": {}
	},
	"/home/iampeterbanjo/clever-cloud/iampeterbanjo.com/packages/server/src/models/helpers.ts": {
		"path": "/home/iampeterbanjo/clever-cloud/iampeterbanjo.com/packages/server/src/models/helpers.ts",
		"statementMap": {
			"0": {
				"start": { "line": 1, "column": 0 },
				"end": { "line": 1, "column": 32 }
			},
			"1": {
				"start": { "line": 2, "column": 0 },
				"end": { "line": 2, "column": 29 }
			},
			"2": {
				"start": { "line": 4, "column": 17 },
				"end": { "line": 4, "column": 22 }
			},
			"3": {
				"start": { "line": 5, "column": 58 },
				"end": { "line": 5, "column": 62 }
			},
			"4": {
				"start": { "line": 16, "column": 23 },
				"end": { "line": 16, "column": 35 }
			},
			"5": {
				"start": { "line": 18, "column": 0 },
				"end": { "line": 18, "column": 63 }
			},
			"6": {
				"start": { "line": 18, "column": 27 },
				"end": { "line": 18, "column": 61 }
			},
			"7": {
				"start": { "line": 19, "column": 0 },
				"end": { "line": 19, "column": 31 }
			},
			"8": {
				"start": { "line": 20, "column": 0 },
				"end": { "line": 24, "column": 2 }
			},
			"9": {
				"start": { "line": 26, "column": 0 },
				"end": { "line": 28, "column": 2 }
			}
		},
		"fnMap": {
			"0": {
				"name": "(anonymous_1)",
				"decl": {
					"start": { "line": 18, "column": 16 },
					"end": { "line": 18, "column": 22 }
				},
				"loc": {
					"start": { "line": 18, "column": 27 },
					"end": { "line": 18, "column": 61 }
				}
			}
		},
		"branchMap": {
			"0": {
				"loc": {
					"start": { "line": 5, "column": 27 },
					"end": { "line": 5, "column": 29 }
				},
				"type": "default-arg",
				"locations": [
					{
						"start": { "line": 5, "column": 27 },
						"end": { "line": 5, "column": 29 }
					}
				]
			},
			"1": {
				"loc": {
					"start": { "line": 5, "column": 51 },
					"end": { "line": 5, "column": 53 }
				},
				"type": "default-arg",
				"locations": [
					{
						"start": { "line": 5, "column": 51 },
						"end": { "line": 5, "column": 53 }
					}
				]
			},
			"2": {
				"loc": {
					"start": { "line": 18, "column": 36 },
					"end": { "line": 18, "column": 42 }
				},
				"type": "cond-expr",
				"locations": [
					{
						"start": { "line": 18, "column": 36 },
						"end": { "line": 18, "column": 42 }
					},
					{
						"start": { "line": 18, "column": 45 },
						"end": { "line": 18, "column": 61 }
					}
				]
			}
		},
		"s": {
			"0": 0,
			"1": 0,
			"2": 0,
			"3": 0,
			"4": 0,
			"5": 0,
			"6": 0,
			"7": 0,
			"8": 0,
			"9": 0
		},
		"f": { "0": 0 },
		"b": { "0": [0], "1": [0], "2": [0, 0] }
	},
	"/home/iampeterbanjo/clever-cloud/iampeterbanjo.com/packages/server/src/models/plugin.ts": {
		"path": "/home/iampeterbanjo/clever-cloud/iampeterbanjo.com/packages/server/src/models/plugin.ts",
		"statementMap": {
			"0": {
				"start": { "line": 1, "column": 0 },
				"end": { "line": 1, "column": 32 }
			},
			"1": {
				"start": { "line": 2, "column": 0 },
				"end": { "line": 2, "column": 24 }
			},
			"2": {
				"start": { "line": 3, "column": 0 },
				"end": { "line": 3, "column": 32 }
			},
			"3": {
				"start": { "line": 4, "column": 0 },
				"end": { "line": 4, "column": 34 }
			},
			"4": {
				"start": { "line": 5, "column": 0 },
				"end": { "line": 5, "column": 42 }
			},
			"5": {
				"start": { "line": 6, "column": 0 },
				"end": { "line": 6, "column": 32 }
			},
			"6": {
				"start": { "line": 8, "column": 0 },
				"end": { "line": 13, "column": 2 }
			},
			"7": {
				"start": { "line": 9, "column": 1 },
				"end": { "line": 12, "column": 4 }
			},
			"8": {
				"start": { "line": 10, "column": 2 },
				"end": { "line": 10, "column": 34 }
			},
			"9": {
				"start": { "line": 10, "column": 13 },
				"end": { "line": 10, "column": 34 }
			},
			"10": {
				"start": { "line": 11, "column": 2 },
				"end": { "line": 11, "column": 21 }
			},
			"11": {
				"start": { "line": 15, "column": 0 },
				"end": { "line": 38, "column": 2 }
			},
			"12": {
				"start": { "line": 19, "column": 27 },
				"end": { "line": 19, "column": 41 }
			},
			"13": {
				"start": { "line": 20, "column": 2 },
				"end": { "line": 36, "column": null }
			},
			"14": {
				"start": { "line": 22, "column": 26 },
				"end": { "line": 22, "column": 62 }
			},
			"15": {
				"start": { "line": 23, "column": 3 },
				"end": { "line": 33, "column": 5 }
			},
			"16": {
				"start": { "line": 35, "column": 3 },
				"end": { "line": 35, "column": 23 }
			}
		},
		"fnMap": {
			"0": {
				"name": "(anonymous_1)",
				"decl": {
					"start": { "line": 8, "column": 42 },
					"end": { "line": 8, "column": 43 }
				},
				"loc": {
					"start": { "line": 8, "column": 56 },
					"end": { "line": 13, "column": 1 }
				}
			},
			"1": {
				"name": "(anonymous_2)",
				"decl": {
					"start": { "line": 9, "column": 20 },
					"end": { "line": 9, "column": 21 }
				},
				"loc": {
					"start": { "line": 9, "column": 40 },
					"end": { "line": 12, "column": 2 }
				}
			},
			"2": {
				"name": "(anonymous_3)",
				"decl": {
					"start": { "line": 18, "column": 11 },
					"end": { "line": 18, "column": 16 }
				},
				"loc": {
					"start": { "line": 18, "column": 26 },
					"end": { "line": 37, "column": 2 }
				}
			}
		},
		"branchMap": {
			"0": {
				"loc": {
					"start": { "line": 10, "column": 2 },
					"end": { "line": 10, "column": 34 }
				},
				"type": "if",
				"locations": [
					{
						"start": { "line": 10, "column": 2 },
						"end": { "line": 10, "column": 34 }
					},
					{
						"start": { "line": 10, "column": 2 },
						"end": { "line": 10, "column": 34 }
					}
				]
			}
		},
		"s": {
			"0": 0,
			"1": 0,
			"2": 0,
			"3": 0,
			"4": 0,
			"5": 0,
			"6": 0,
			"7": 0,
			"8": 0,
			"9": 0,
			"10": 0,
			"11": 0,
			"12": 0,
			"13": 0,
			"14": 0,
			"15": 0,
			"16": 0
		},
		"f": { "0": 0, "1": 0, "2": 0 },
		"b": { "0": [0, 0] }
	},
	"/home/iampeterbanjo/clever-cloud/iampeterbanjo.com/packages/server/src/pipeline/helpers.ts": {
		"path": "/home/iampeterbanjo/clever-cloud/iampeterbanjo.com/packages/server/src/pipeline/helpers.ts",
		"statementMap": {
			"0": {
				"start": { "line": 1, "column": 0 },
				"end": { "line": 1, "column": 28 }
			},
			"1": {
				"start": { "line": 2, "column": 0 },
				"end": { "line": 2, "column": 26 }
			},
			"2": {
				"start": { "line": 8, "column": 22 },
				"end": { "line": 17, "column": 1 }
			},
			"3": {
				"start": { "line": 9, "column": 16 },
				"end": { "line": 14, "column": 3 }
			},
			"4": {
				"start": { "line": 16, "column": 1 },
				"end": { "line": 16, "column": 65 }
			},
			"5": {
				"start": { "line": 23, "column": 25 },
				"end": { "line": 38, "column": 1 }
			},
			"6": {
				"start": { "line": 24, "column": 16 },
				"end": { "line": 32, "column": 3 }
			},
			"7": {
				"start": { "line": 34, "column": 1 },
				"end": { "line": 37, "column": 4 }
			},
			"8": {
				"start": { "line": 45, "column": 26 },
				"end": { "line": 49, "column": 1 }
			},
			"9": {
				"start": { "line": 46, "column": 16 },
				"end": { "line": 46, "column": 18 }
			},
			"10": {
				"start": { "line": 48, "column": 1 },
				"end": { "line": 48, "column": 43 }
			},
			"11": {
				"start": { "line": 51, "column": 25 },
				"end": { "line": 64, "column": 1 }
			},
			"12": {
				"start": { "line": 52, "column": 22 },
				"end": { "line": 52, "column": 68 }
			},
			"13": {
				"start": { "line": 54, "column": 16 },
				"end": { "line": 54, "column": 69 }
			},
			"14": {
				"start": { "line": 56, "column": 1 },
				"end": { "line": 56, "column": 49 }
			},
			"15": {
				"start": { "line": 56, "column": 14 },
				"end": { "line": 56, "column": 49 }
			},
			"16": {
				"start": { "line": 58, "column": 1 },
				"end": { "line": 61, "column": 4 }
			},
			"17": {
				"start": { "line": 59, "column": 20 },
				"end": { "line": 59, "column": 43 }
			},
			"18": {
				"start": { "line": 60, "column": 2 },
				"end": { "line": 60, "column": 25 }
			},
			"19": {
				"start": { "line": 60, "column": 13 },
				"end": { "line": 60, "column": 25 }
			},
			"20": {
				"start": { "line": 63, "column": 1 },
				"end": { "line": 63, "column": 62 }
			},
			"21": {
				"start": { "line": 66, "column": 0 },
				"end": { "line": 71, "column": 2 }
			}
		},
		"fnMap": {
			"0": {
				"name": "(anonymous_1)",
				"decl": {
					"start": { "line": 8, "column": 22 },
					"end": { "line": 8, "column": 30 }
				},
				"loc": {
					"start": { "line": 8, "column": 33 },
					"end": { "line": 17, "column": 1 }
				}
			},
			"1": {
				"name": "(anonymous_2)",
				"decl": {
					"start": { "line": 23, "column": 25 },
					"end": { "line": 23, "column": 36 }
				},
				"loc": {
					"start": { "line": 23, "column": 39 },
					"end": { "line": 38, "column": 1 }
				}
			},
			"2": {
				"name": "(anonymous_3)",
				"decl": {
					"start": { "line": 45, "column": 26 },
					"end": { "line": 45, "column": 38 }
				},
				"loc": {
					"start": { "line": 45, "column": 41 },
					"end": { "line": 49, "column": 1 }
				}
			},
			"3": {
				"name": "(anonymous_4)",
				"decl": {
					"start": { "line": 51, "column": 25 },
					"end": { "line": 51, "column": 30 }
				},
				"loc": {
					"start": { "line": 51, "column": 40 },
					"end": { "line": 64, "column": 1 }
				}
			},
			"4": {
				"name": "(anonymous_5)",
				"decl": {
					"start": { "line": 58, "column": 16 },
					"end": { "line": 58, "column": 21 }
				},
				"loc": {
					"start": { "line": 58, "column": 24 },
					"end": { "line": 61, "column": 2 }
				}
			}
		},
		"branchMap": {
			"0": {
				"loc": {
					"start": { "line": 56, "column": 1 },
					"end": { "line": 56, "column": 49 }
				},
				"type": "if",
				"locations": [
					{
						"start": { "line": 56, "column": 1 },
						"end": { "line": 56, "column": 49 }
					},
					{
						"start": { "line": 56, "column": 1 },
						"end": { "line": 56, "column": 49 }
					}
				]
			},
			"1": {
				"loc": {
					"start": { "line": 60, "column": 2 },
					"end": { "line": 60, "column": 25 }
				},
				"type": "if",
				"locations": [
					{
						"start": { "line": 60, "column": 2 },
						"end": { "line": 60, "column": 25 }
					},
					{
						"start": { "line": 60, "column": 2 },
						"end": { "line": 60, "column": 25 }
					}
				]
			}
		},
		"s": {
			"0": 0,
			"1": 0,
			"2": 0,
			"3": 0,
			"4": 0,
			"5": 0,
			"6": 0,
			"7": 0,
			"8": 0,
			"9": 0,
			"10": 0,
			"11": 0,
			"12": 0,
			"13": 0,
			"14": 0,
			"15": 0,
			"16": 0,
			"17": 0,
			"18": 0,
			"19": 0,
			"20": 0,
			"21": 0
		},
		"f": { "0": 0, "1": 0, "2": 0, "3": 0, "4": 0 },
		"b": { "0": [0, 0], "1": [0, 0] }
	},
	"/home/iampeterbanjo/clever-cloud/iampeterbanjo.com/packages/server/src/pipeline/index.ts": {
		"path": "/home/iampeterbanjo/clever-cloud/iampeterbanjo.com/packages/server/src/pipeline/index.ts",
		"statementMap": {
			"0": {
				"start": { "line": 1, "column": 0 },
				"end": { "line": 1, "column": 30 }
			},
			"1": {
				"start": { "line": 2, "column": 0 },
				"end": { "line": 2, "column": 32 }
			},
			"2": {
				"start": { "line": 4, "column": 0 },
				"end": { "line": 7, "column": 2 }
			}
		},
		"fnMap": {},
		"branchMap": {},
		"s": { "0": 0, "1": 0, "2": 0 },
		"f": {},
		"b": {}
	},
	"/home/iampeterbanjo/clever-cloud/iampeterbanjo.com/packages/server/src/pipeline/methods.ts": {
		"path": "/home/iampeterbanjo/clever-cloud/iampeterbanjo.com/packages/server/src/pipeline/methods.ts",
		"statementMap": {
			"0": {
				"start": { "line": 1, "column": 0 },
				"end": { "line": 1, "column": 32 }
			},
			"1": {
				"start": { "line": 2, "column": 29 },
				"end": { "line": 2, "column": 36 }
			},
			"2": {
				"start": { "line": 3, "column": 0 },
				"end": { "line": 8, "column": 2 }
			}
		},
		"fnMap": {},
		"branchMap": {},
		"s": { "0": 0, "1": 0, "2": 0 },
		"f": {},
		"b": {}
	},
	"/home/iampeterbanjo/clever-cloud/iampeterbanjo.com/packages/server/src/pipeline/plugin.ts": {
		"path": "/home/iampeterbanjo/clever-cloud/iampeterbanjo.com/packages/server/src/pipeline/plugin.ts",
		"statementMap": {
			"0": {
				"start": { "line": 1, "column": 0 },
				"end": { "line": 1, "column": 24 }
			},
			"1": {
				"start": { "line": 2, "column": 0 },
				"end": { "line": 2, "column": 30 }
			},
			"2": {
				"start": { "line": 4, "column": 0 },
				"end": { "line": 28, "column": 2 }
			},
			"3": {
				"start": { "line": 11, "column": 2 },
				"end": { "line": 11, "column": 25 }
			},
			"4": {
				"start": { "line": 13, "column": 27 },
				"end": { "line": 13, "column": 57 }
			},
			"5": {
				"start": { "line": 14, "column": 2 },
				"end": { "line": 26, "column": 5 }
			},
			"6": {
				"start": { "line": 18, "column": 4 },
				"end": { "line": 24, "column": null }
			},
			"7": {
				"start": { "line": 19, "column": 5 },
				"end": { "line": 19, "column": 60 }
			},
			"8": {
				"start": { "line": 21, "column": 5 },
				"end": { "line": 21, "column": 46 }
			},
			"9": {
				"start": { "line": 23, "column": 5 },
				"end": { "line": 23, "column": 32 }
			}
		},
		"fnMap": {
			"0": {
				"name": "(anonymous_1)",
				"decl": {
					"start": { "line": 10, "column": 11 },
					"end": { "line": 10, "column": 12 }
				},
				"loc": {
					"start": { "line": 10, "column": 35 },
					"end": { "line": 27, "column": 2 }
				}
			},
			"1": {
				"name": "(anonymous_2)",
				"decl": {
					"start": { "line": 17, "column": 12 },
					"end": { "line": 17, "column": 17 }
				},
				"loc": {
					"start": { "line": 17, "column": 29 },
					"end": { "line": 25, "column": 4 }
				}
			}
		},
		"branchMap": {},
		"s": {
			"0": 0,
			"1": 0,
			"2": 0,
			"3": 0,
			"4": 0,
			"5": 0,
			"6": 0,
			"7": 0,
			"8": 0,
			"9": 0
		},
		"f": { "0": 0, "1": 0 },
		"b": {}
	},
	"/home/iampeterbanjo/clever-cloud/iampeterbanjo.com/packages/server/src/pipeline/routes.ts": {
		"path": "/home/iampeterbanjo/clever-cloud/iampeterbanjo.com/packages/server/src/pipeline/routes.ts",
		"statementMap": {
			"0": {
				"start": { "line": 1, "column": 27 },
				"end": { "line": 5, "column": 2 }
			},
			"1": {
				"start": { "line": 1, "column": 34 },
				"end": { "line": 5, "column": 2 }
			},
			"2": {
				"start": { "line": 7, "column": 15 },
				"end": { "line": 11, "column": 2 }
			},
			"3": {
				"start": { "line": 13, "column": 0 },
				"end": { "line": 13, "column": 22 }
			}
		},
		"fnMap": {
			"0": {
				"name": "(anonymous_0)",
				"decl": {
					"start": { "line": 1, "column": 27 },
					"end": { "line": 1, "column": 30 }
				},
				"loc": {
					"start": { "line": 1, "column": 34 },
					"end": { "line": 5, "column": 2 }
				}
			}
		},
		"branchMap": {},
		"s": { "0": 0, "1": 0, "2": 0, "3": 0 },
		"f": { "0": 0 },
		"b": {}
	},
	"/home/iampeterbanjo/clever-cloud/iampeterbanjo.com/packages/server/src/rollbar/helpers.ts": {
		"path": "/home/iampeterbanjo/clever-cloud/iampeterbanjo.com/packages/server/src/rollbar/helpers.ts",
		"statementMap": {
			"0": {
				"start": { "line": 1, "column": 13 },
				"end": { "line": 5, "column": 2 }
			},
			"1": {
				"start": { "line": 2, "column": 1 },
				"end": { "line": 4, "column": null }
			},
			"2": {
				"start": { "line": 3, "column": 2 },
				"end": { "line": 3, "column": 71 }
			},
			"3": {
				"start": { "line": 7, "column": 13 },
				"end": { "line": 12, "column": 2 }
			},
			"4": {
				"start": { "line": 8, "column": 1 },
				"end": { "line": 10, "column": null }
			},
			"5": {
				"start": { "line": 9, "column": 2 },
				"end": { "line": 9, "column": 49 }
			},
			"6": {
				"start": { "line": 11, "column": 1 },
				"end": { "line": 11, "column": 60 }
			},
			"7": {
				"start": { "line": 14, "column": 13 },
				"end": { "line": 23, "column": 2 }
			},
			"8": {
				"start": { "line": 15, "column": 22 },
				"end": { "line": 15, "column": 29 }
			},
			"9": {
				"start": { "line": 16, "column": 1 },
				"end": { "line": 18, "column": null }
			},
			"10": {
				"start": { "line": 17, "column": 2 },
				"end": { "line": 17, "column": 20 }
			},
			"11": {
				"start": { "line": 20, "column": 1 },
				"end": { "line": 20, "column": 75 }
			},
			"12": {
				"start": { "line": 22, "column": 1 },
				"end": { "line": 22, "column": 19 }
			}
		},
		"fnMap": {
			"0": {
				"name": "(anonymous_0)",
				"decl": {
					"start": { "line": 1, "column": 35 },
					"end": { "line": 1, "column": 36 }
				},
				"loc": {
					"start": { "line": 1, "column": 61 },
					"end": { "line": 5, "column": 1 }
				}
			},
			"1": {
				"name": "(anonymous_1)",
				"decl": {
					"start": { "line": 7, "column": 27 },
					"end": { "line": 7, "column": 28 }
				},
				"loc": {
					"start": { "line": 7, "column": 69 },
					"end": { "line": 12, "column": 1 }
				}
			},
			"2": {
				"name": "(anonymous_2)",
				"decl": {
					"start": { "line": 14, "column": 27 },
					"end": { "line": 14, "column": 28 }
				},
				"loc": {
					"start": { "line": 14, "column": 55 },
					"end": { "line": 23, "column": 1 }
				}
			}
		},
		"branchMap": {
			"0": {
				"loc": {
					"start": { "line": 2, "column": 1 },
					"end": { "line": 4, "column": null }
				},
				"type": "if",
				"locations": [
					{
						"start": { "line": 2, "column": 1 },
						"end": { "line": 4, "column": null }
					},
					{
						"start": { "line": 2, "column": 1 },
						"end": { "line": 4, "column": null }
					}
				]
			},
			"1": {
				"loc": {
					"start": { "line": 8, "column": 1 },
					"end": { "line": 10, "column": null }
				},
				"type": "if",
				"locations": [
					{
						"start": { "line": 8, "column": 1 },
						"end": { "line": 10, "column": null }
					},
					{
						"start": { "line": 8, "column": 1 },
						"end": { "line": 10, "column": null }
					}
				]
			},
			"2": {
				"loc": {
					"start": { "line": 16, "column": 1 },
					"end": { "line": 18, "column": null }
				},
				"type": "if",
				"locations": [
					{
						"start": { "line": 16, "column": 1 },
						"end": { "line": 18, "column": null }
					},
					{
						"start": { "line": 16, "column": 1 },
						"end": { "line": 18, "column": null }
					}
				]
			}
		},
		"s": {
			"0": 0,
			"1": 0,
			"2": 0,
			"3": 0,
			"4": 0,
			"5": 0,
			"6": 0,
			"7": 0,
			"8": 0,
			"9": 0,
			"10": 0,
			"11": 0,
			"12": 0
		},
		"f": { "0": 0, "1": 0, "2": 0 },
		"b": { "0": [0, 0], "1": [0, 0], "2": [0, 0] }
	},
	"/home/iampeterbanjo/clever-cloud/iampeterbanjo.com/packages/server/src/rollbar/index.ts": {
		"path": "/home/iampeterbanjo/clever-cloud/iampeterbanjo.com/packages/server/src/rollbar/index.ts",
		"statementMap": {
			"0": {
				"start": { "line": 1, "column": 0 },
				"end": { "line": 1, "column": 30 }
			},
			"1": {
				"start": { "line": 2, "column": 0 },
				"end": { "line": 2, "column": 29 }
			},
			"2": {
				"start": { "line": 4, "column": 17 },
				"end": { "line": 4, "column": 22 }
			},
			"3": {
				"start": { "line": 6, "column": 0 },
				"end": { "line": 13, "column": 2 }
			}
		},
		"fnMap": {},
		"branchMap": {},
		"s": { "0": 0, "1": 0, "2": 0, "3": 0 },
		"f": {},
		"b": {}
	},
	"/home/iampeterbanjo/clever-cloud/iampeterbanjo.com/packages/server/src/rollbar/plugin.ts": {
		"path": "/home/iampeterbanjo/clever-cloud/iampeterbanjo.com/packages/server/src/rollbar/plugin.ts",
		"statementMap": {
			"0": {
				"start": { "line": 1, "column": 0 },
				"end": { "line": 1, "column": 30 }
			},
			"1": {
				"start": { "line": 2, "column": 0 },
				"end": { "line": 2, "column": 37 }
			},
			"2": {
				"start": { "line": 3, "column": 0 },
				"end": { "line": 3, "column": 29 }
			},
			"3": {
				"start": { "line": 5, "column": 17 },
				"end": { "line": 5, "column": 22 }
			},
			"4": {
				"start": { "line": 6, "column": 24 },
				"end": { "line": 6, "column": 31 }
			},
			"5": {
				"start": { "line": 8, "column": 0 },
				"end": { "line": 22, "column": 2 }
			},
			"6": {
				"start": { "line": 12, "column": 18 },
				"end": { "line": 12, "column": 38 }
			},
			"7": {
				"start": { "line": 14, "column": 2 },
				"end": { "line": 16, "column": 4 }
			},
			"8": {
				"start": { "line": 15, "column": 3 },
				"end": { "line": 15, "column": 39 }
			},
			"9": {
				"start": { "line": 17, "column": 2 },
				"end": { "line": 17, "column": 36 }
			},
			"10": {
				"start": { "line": 18, "column": 2 },
				"end": { "line": 18, "column": 46 }
			},
			"11": {
				"start": { "line": 20, "column": 2 },
				"end": { "line": 20, "column": 27 }
			}
		},
		"fnMap": {
			"0": {
				"name": "(anonymous_2)",
				"decl": {
					"start": { "line": 11, "column": 11 },
					"end": { "line": 11, "column": 12 }
				},
				"loc": {
					"start": { "line": 11, "column": 31 },
					"end": { "line": 21, "column": 2 }
				}
			},
			"1": {
				"name": "(anonymous_3)",
				"decl": {
					"start": { "line": 14, "column": 30 },
					"end": { "line": 14, "column": 31 }
				},
				"loc": {
					"start": { "line": 15, "column": 3 },
					"end": { "line": 15, "column": 39 }
				}
			}
		},
		"branchMap": {},
		"s": {
			"0": 0,
			"1": 0,
			"2": 0,
			"3": 0,
			"4": 0,
			"5": 0,
			"6": 0,
			"7": 0,
			"8": 0,
			"9": 0,
			"10": 0,
			"11": 0
		},
		"f": { "0": 0, "1": 0 },
		"b": {}
	},
	"/home/iampeterbanjo/clever-cloud/iampeterbanjo.com/packages/server/src/statics/index.ts": {
		"path": "/home/iampeterbanjo/clever-cloud/iampeterbanjo.com/packages/server/src/statics/index.ts",
		"statementMap": {
			"0": {
				"start": { "line": 1, "column": 0 },
				"end": { "line": 1, "column": 24 }
			},
			"1": {
				"start": { "line": 2, "column": 0 },
				"end": { "line": 2, "column": 30 }
			},
			"2": {
				"start": { "line": 4, "column": 17 },
				"end": { "line": 4, "column": 59 }
			},
			"3": {
				"start": { "line": 5, "column": 16 },
				"end": { "line": 5, "column": 24 }
			},
			"4": {
				"start": { "line": 6, "column": 15 },
				"end": { "line": 6, "column": 22 }
			},
			"5": {
				"start": { "line": 7, "column": 18 },
				"end": { "line": 7, "column": 29 }
			},
			"6": {
				"start": { "line": 9, "column": 0 },
				"end": { "line": 12, "column": 2 }
			}
		},
		"fnMap": {},
		"branchMap": {},
		"s": { "0": 0, "1": 0, "2": 0, "3": 0, "4": 0, "5": 0, "6": 0 },
		"f": {},
		"b": {}
	},
	"/home/iampeterbanjo/clever-cloud/iampeterbanjo.com/packages/server/src/statics/plugin.ts": {
		"path": "/home/iampeterbanjo/clever-cloud/iampeterbanjo.com/packages/server/src/statics/plugin.ts",
		"statementMap": {
			"0": {
				"start": { "line": 1, "column": 0 },
				"end": { "line": 59, "column": 2 }
			},
			"1": {
				"start": { "line": 5, "column": 2 },
				"end": { "line": 5, "column": 29 }
			},
			"2": {
				"start": { "line": 7, "column": 2 },
				"end": { "line": 18, "column": 5 }
			},
			"3": {
				"start": { "line": 20, "column": 2 },
				"end": { "line": 31, "column": 5 }
			},
			"4": {
				"start": { "line": 33, "column": 2 },
				"end": { "line": 44, "column": 5 }
			},
			"5": {
				"start": { "line": 46, "column": 2 },
				"end": { "line": 57, "column": 5 }
			}
		},
		"fnMap": {
			"0": {
				"name": "(anonymous_0)",
				"decl": {
					"start": { "line": 4, "column": 11 },
					"end": { "line": 4, "column": 12 }
				},
				"loc": {
					"start": { "line": 4, "column": 64 },
					"end": { "line": 58, "column": 2 }
				}
			}
		},
		"branchMap": {},
		"s": { "0": 0, "1": 0, "2": 0, "3": 0, "4": 0, "5": 0 },
		"f": { "0": 0 },
		"b": {}
	},
	"/home/iampeterbanjo/clever-cloud/iampeterbanjo.com/packages/server/src/utils/cache.ts": {
		"path": "/home/iampeterbanjo/clever-cloud/iampeterbanjo.com/packages/server/src/utils/cache.ts",
		"statementMap": {
			"0": {
				"start": { "line": 1, "column": 0 },
				"end": { "line": 1, "column": 31 }
			},
			"1": {
				"start": { "line": 10, "column": 21 },
				"end": { "line": 16, "column": 2 }
			},
			"2": {
				"start": { "line": 18, "column": 17 },
				"end": { "line": 20, "column": 1 }
			},
			"3": {
				"start": { "line": 19, "column": 1 },
				"end": { "line": 19, "column": 42 }
			},
			"4": {
				"start": { "line": 22, "column": 0 },
				"end": { "line": 22, "column": 24 }
			}
		},
		"fnMap": {
			"0": {
				"name": "(anonymous_1)",
				"decl": {
					"start": { "line": 18, "column": 17 },
					"end": { "line": 18, "column": 18 }
				},
				"loc": {
					"start": { "line": 18, "column": 46 },
					"end": { "line": 20, "column": 1 }
				}
			}
		},
		"branchMap": {},
		"s": { "0": 3, "1": 3, "2": 3, "3": 0, "4": 3 },
		"f": { "0": 0 },
		"b": {}
	},
	"/home/iampeterbanjo/clever-cloud/iampeterbanjo.com/packages/server/src/utils/clientel.ts": {
		"path": "/home/iampeterbanjo/clever-cloud/iampeterbanjo.com/packages/server/src/utils/clientel.ts",
		"statementMap": {
			"0": {
				"start": { "line": 1, "column": 0 },
				"end": { "line": 1, "column": 32 }
			},
			"1": {
				"start": { "line": 2, "column": 0 },
				"end": { "line": 2, "column": 32 }
			},
			"2": {
				"start": { "line": 3, "column": 0 },
				"end": { "line": 3, "column": 31 }
			},
			"3": {
				"start": { "line": 4, "column": 0 },
				"end": { "line": 4, "column": 31 }
			},
			"4": {
				"start": { "line": 11, "column": 4 },
				"end": { "line": 11, "column": 8 }
			},
			"5": {
				"start": { "line": 13, "column": 13 },
				"end": { "line": 13, "column": 65 }
			},
			"6": {
				"start": { "line": 14, "column": 13 },
				"end": { "line": 14, "column": 47 }
			},
			"7": {
				"start": { "line": 16, "column": 13 },
				"end": { "line": 22, "column": 3 }
			},
			"8": {
				"start": { "line": 24, "column": 13 },
				"end": { "line": 27, "column": 3 }
			},
			"9": {
				"start": { "line": 29, "column": 13 },
				"end": { "line": 29, "column": 62 }
			}
		},
		"fnMap": {},
		"branchMap": {},
		"s": {
			"0": 3,
			"1": 3,
			"2": 3,
			"3": 3,
			"4": 3,
			"5": 3,
			"6": 3,
			"7": 3,
			"8": 3,
			"9": 3
		},
		"f": {},
		"b": {}
	},
	"/home/iampeterbanjo/clever-cloud/iampeterbanjo.com/packages/server/src/utils/index.ts": {
		"path": "/home/iampeterbanjo/clever-cloud/iampeterbanjo.com/packages/server/src/utils/index.ts",
		"statementMap": {
			"0": {
				"start": { "line": 1, "column": 0 },
				"end": { "line": 1, "column": 39 }
			},
			"1": {
				"start": { "line": 2, "column": 0 },
				"end": { "line": 2, "column": 37 }
			},
			"2": {
				"start": { "line": 3, "column": 0 },
				"end": { "line": 3, "column": 31 }
			},
			"3": {
				"start": { "line": 4, "column": 0 },
				"end": { "line": 4, "column": 37 }
			},
			"4": {
				"start": { "line": 5, "column": 0 },
				"end": { "line": 5, "column": 31 }
			},
			"5": {
				"start": { "line": 6, "column": 0 },
				"end": { "line": 6, "column": 31 }
			},
			"6": {
				"start": { "line": 7, "column": 0 },
				"end": { "line": 7, "column": 43 }
			},
			"7": {
				"start": { "line": 9, "column": 0 },
				"end": { "line": 9, "column": 80 }
			}
		},
		"fnMap": {},
		"branchMap": {},
		"s": { "0": 3, "1": 3, "2": 3, "3": 3, "4": 3, "5": 3, "6": 3, "7": 3 },
		"f": {},
		"b": {}
	},
	"/home/iampeterbanjo/clever-cloud/iampeterbanjo.com/packages/server/src/utils/jsonParser.ts": {
		"path": "/home/iampeterbanjo/clever-cloud/iampeterbanjo.com/packages/server/src/utils/jsonParser.ts",
		"statementMap": {
			"0": {
				"start": { "line": 1, "column": 0 },
				"end": { "line": 1, "column": 30 }
			},
			"1": {
				"start": { "line": 3, "column": 13 },
				"end": { "line": 6, "column": 2 }
			},
			"2": {
				"start": { "line": 4, "column": 20 },
				"end": { "line": 4, "column": 33 }
			},
			"3": {
				"start": { "line": 5, "column": 1 },
				"end": { "line": 5, "column": 34 }
			}
		},
		"fnMap": {
			"0": {
				"name": "(anonymous_1)",
				"decl": {
					"start": { "line": 3, "column": 24 },
					"end": { "line": 3, "column": 25 }
				},
				"loc": {
					"start": { "line": 3, "column": 55 },
					"end": { "line": 6, "column": 1 }
				}
			}
		},
		"branchMap": {},
		"s": { "0": 3, "1": 3, "2": 0, "3": 0 },
		"f": { "0": 0 },
		"b": {}
	},
	"/home/iampeterbanjo/clever-cloud/iampeterbanjo.com/packages/server/src/utils/message.ts": {
		"path": "/home/iampeterbanjo/clever-cloud/iampeterbanjo.com/packages/server/src/utils/message.ts",
		"statementMap": {
			"0": {
				"start": { "line": 1, "column": 13 },
				"end": { "line": 1, "column": 62 }
			},
			"1": {
				"start": { "line": 2, "column": 13 },
				"end": { "line": 3, "column": 45 }
			}
		},
		"fnMap": {},
		"branchMap": {},
		"s": { "0": 3, "1": 3 },
		"f": {},
		"b": {}
	},
	"/home/iampeterbanjo/clever-cloud/iampeterbanjo.com/packages/server/src/utils/slugger.ts": {
		"path": "/home/iampeterbanjo/clever-cloud/iampeterbanjo.com/packages/server/src/utils/slugger.ts",
		"statementMap": {
			"0": {
				"start": { "line": 1, "column": 0 },
				"end": { "line": 1, "column": 24 }
			},
			"1": {
				"start": { "line": 3, "column": 13 },
				"end": { "line": 3, "column": 45 }
			},
			"2": {
				"start": { "line": 3, "column": 29 },
				"end": { "line": 3, "column": 44 }
			},
			"3": {
				"start": { "line": 4, "column": 13 },
				"end": { "line": 4, "column": 47 }
			},
			"4": {
				"start": { "line": 4, "column": 31 },
				"end": { "line": 4, "column": 46 }
			},
			"5": {
				"start": { "line": 5, "column": 13 },
				"end": { "line": 5, "column": 25 }
			}
		},
		"fnMap": {
			"0": {
				"name": "(anonymous_1)",
				"decl": {
					"start": { "line": 3, "column": 21 },
					"end": { "line": 3, "column": 25 }
				},
				"loc": {
					"start": { "line": 3, "column": 29 },
					"end": { "line": 3, "column": 44 }
				}
			},
			"1": {
				"name": "(anonymous_2)",
				"decl": {
					"start": { "line": 4, "column": 23 },
					"end": { "line": 4, "column": 27 }
				},
				"loc": {
					"start": { "line": 4, "column": 31 },
					"end": { "line": 4, "column": 46 }
				}
			}
		},
		"branchMap": {},
		"s": { "0": 3, "1": 3, "2": 4, "3": 3, "4": 0, "5": 3 },
		"f": { "0": 4, "1": 0 },
		"b": {}
	},
	"/home/iampeterbanjo/clever-cloud/iampeterbanjo.com/packages/server/src/utils/time.ts": {
		"path": "/home/iampeterbanjo/clever-cloud/iampeterbanjo.com/packages/server/src/utils/time.ts",
		"statementMap": {
			"0": {
				"start": { "line": 2, "column": 13 },
				"end": { "line": 2, "column": 32 }
			},
			"1": {
				"start": { "line": 3, "column": 13 },
				"end": { "line": 3, "column": 42 }
			},
			"2": {
				"start": { "line": 4, "column": 13 },
				"end": { "line": 4, "column": 31 }
			},
			"3": {
				"start": { "line": 5, "column": 13 },
				"end": { "line": 5, "column": 37 }
			},
			"4": {
[...]
					"end": { "line": 14, "column": 24 }
				},
				"loc": {
					"start": { "line": 14, "column": 27 },
					"end": { "line": 14, "column": 53 }
				}
			},
			"2": {
				"name": "(anonymous_4)",
				"decl": {
					"start": { "line": 27, "column": 23 },
					"end": { "line": 27, "column": 32 }
				},
				"loc": {
					"start": { "line": 27, "column": 35 },
					"end": { "line": 37, "column": 1 }
				}
			},
			"3": {
				"name": "(anonymous_5)",
				"decl": {
					"start": { "line": 30, "column": 46 },
					"end": { "line": 30, "column": 47 }
				},
				"loc": {
					"start": { "line": 30, "column": 64 },
					"end": { "line": 33, "column": 2 }
				}
			},
			"4": {
				"name": "(anonymous_6)",
				"decl": {
					"start": { "line": 39, "column": 22 },
					"end": { "line": 39, "column": 27 }
				},
				"loc": {
					"start": { "line": 39, "column": 33 },
					"end": { "line": 42, "column": 1 }
				}
			},
			"5": {
				"name": "(anonymous_7)",
				"decl": {
					"start": { "line": 52, "column": 25 },
					"end": { "line": 52, "column": 30 }
				},
				"loc": {
					"start": { "line": 52, "column": 53 },
					"end": { "line": 64, "column": 1 }
				}
			}
		},
		"branchMap": {},
		"s": {
			"0": 0,
			"1": 0,
			"2": 0,
			"3": 0,
			"4": 0,
			"5": 0,
			"6": 0,
			"7": 0,
			"8": 0,
			"9": 0,
			"10": 0,
			"11": 0,
			"12": 0,
			"13": 0,
			"14": 0,
			"15": 0,
			"16": 0,
			"17": 0,
			"18": 0,
			"19": 0,
			"20": 0,
			"21": 0,
			"22": 0,
			"23": 0,
			"24": 0
		},
		"f": { "0": 0, "1": 0, "2": 0, "3": 0, "4": 0, "5": 0 },
		"b": {}
	},
	"/home/iampeterbanjo/clever-cloud/iampeterbanjo.com/packages/server/src/views/methods.ts": {
		"path": "/home/iampeterbanjo/clever-cloud/iampeterbanjo.com/packages/server/src/views/methods.ts",
		"statementMap": {
			"0": {
				"start": { "line": 1, "column": 0 },
				"end": { "line": 1, "column": 28 }
			},
			"1": {
				"start": { "line": 2, "column": 0 },
				"end": { "line": 2, "column": 32 }
			},
			"2": {
				"start": { "line": 3, "column": 0 },
				"end": { "line": 3, "column": 29 }
			},
			"3": {
				"start": { "line": 5, "column": 27 },
				"end": { "line": 5, "column": 32 }
			},
			"4": {
				"start": { "line": 6, "column": 72 },
				"end": { "line": 6, "column": 79 }
			},
			"5": {
				"start": { "line": 7, "column": 0 },
				"end": { "line": 48, "column": 2 }
			},
			"6": {
				"start": { "line": 14, "column": 4 },
				"end": { "line": 16, "column": 20 }
			},
			"7": {
				"start": { "line": 25, "column": 22 },
				"end": { "line": 25, "column": 50 }
			},
			"8": {
				"start": { "line": 33, "column": 22 },
				"end": { "line": 33, "column": 51 }
			},
			"9": {
				"start": { "line": 42, "column": 4 },
				"end": { "line": 44, "column": 20 }
			}
		},
		"fnMap": {
			"0": {
				"name": "(anonymous_1)",
				"decl": {
					"start": { "line": 13, "column": 16 },
					"end": { "line": 13, "column": 20 }
				},
				"loc": {
					"start": { "line": 13, "column": 23 },
					"end": { "line": 17, "column": 4 }
				}
			},
			"1": {
				"name": "(anonymous_2)",
				"decl": {
					"start": { "line": 25, "column": 16 },
					"end": { "line": 25, "column": 19 }
				},
				"loc": {
					"start": { "line": 25, "column": 22 },
					"end": { "line": 25, "column": 50 }
				}
			},
			"2": {
				"name": "(anonymous_3)",
				"decl": {
					"start": { "line": 33, "column": 16 },
					"end": { "line": 33, "column": 19 }
				},
				"loc": {
					"start": { "line": 33, "column": 22 },
					"end": { "line": 33, "column": 51 }
				}
			},
			"3": {
				"name": "(anonymous_4)",
				"decl": {
					"start": { "line": 41, "column": 16 },
					"end": { "line": 41, "column": 17 }
				},
				"loc": {
					"start": { "line": 41, "column": 38 },
					"end": { "line": 45, "column": 4 }
				}
			}
		},
		"branchMap": {},
		"s": {
			"0": 0,
			"1": 0,
			"2": 0,
			"3": 0,
			"4": 0,
			"5": 0,
			"6": 0,
			"7": 0,
			"8": 0,
			"9": 0
		},
		"f": { "0": 0, "1": 0, "2": 0, "3": 0 },
		"b": {}
	},
	"/home/iampeterbanjo/clever-cloud/iampeterbanjo.com/packages/server/src/views/plugin.ts": {
		"path": "/home/iampeterbanjo/clever-cloud/iampeterbanjo.com/packages/server/src/views/plugin.ts",
		"statementMap": {
			"0": {
				"start": { "line": 1, "column": 0 },
				"end": { "line": 1, "column": 32 }
			},
			"1": {
				"start": { "line": 2, "column": 0 },
				"end": { "line": 2, "column": 24 }
			},
			"2": {
				"start": { "line": 3, "column": 0 },
				"end": { "line": 3, "column": 30 }
			},
			"3": {
				"start": { "line": 4, "column": 0 },
				"end": { "line": 4, "column": 37 }
			},
			"4": {
				"start": { "line": 5, "column": 0 },
				"end": { "line": 5, "column": 34 }
			},
			"5": {
				"start": { "line": 6, "column": 0 },
				"end": { "line": 6, "column": 53 }
			},
			"6": {
				"start": { "line": 8, "column": 22 },
				"end": { "line": 27, "column": 2 }
			},
			"7": {
				"start": { "line": 12, "column": 21 },
				"end": { "line": 12, "column": 63 }
			},
			"8": {
				"start": { "line": 13, "column": 4 },
				"end": { "line": 15, "column": 6 }
			},
			"9": {
				"start": { "line": 14, "column": 5 },
				"end": { "line": 14, "column": 34 }
			},
			"10": {
				"start": { "line": 18, "column": 4 },
				"end": { "line": 20, "column": 7 }
			},
			"11": {
				"start": { "line": 21, "column": 4 },
				"end": { "line": 21, "column": 18 }
			},
			"12": {
				"start": { "line": 29, "column": 21 },
				"end": { "line": 41, "column": 1 }
			},
			"13": {
				"start": { "line": 30, "column": 26 },
				"end": { "line": 30, "column": 48 }
			},
			"14": {
				"start": { "line": 31, "column": 1 },
				"end": { "line": 40, "column": 4 }
			},
			"15": {
				"start": { "line": 35, "column": 15 },
				"end": { "line": 35, "column": 49 }
			},
			"16": {
				"start": { "line": 36, "column": 16 },
				"end": { "line": 36, "column": 58 }
			},
			"17": {
				"start": { "line": 38, "column": 3 },
				"end": { "line": 38, "column": 45 }
			},
			"18": {
				"start": { "line": 43, "column": 25 },
				"end": { "line": 63, "column": 1 }
			},
			"19": {
				"start": { "line": 44, "column": 26 },
				"end": { "line": 44, "column": 53 }
			},
			"20": {
				"start": { "line": 45, "column": 1 },
				"end": { "line": 62, "column": 4 }
			},
			"21": {
				"start": { "line": 49, "column": 29 },
				"end": { "line": 49, "column": 43 }
			},
			"22": {
				"start": { "line": 50, "column": 32 },
				"end": { "line": 53, "column": 5 }
			},
			"23": {
				"start": { "line": 55, "column": 3 },
				"end": { "line": 60, "column": 6 }
			},
			"24": {
				"start": { "line": 65, "column": 23 },
				"end": { "line": 76, "column": 1 }
			},
			"25": {
				"start": { "line": 66, "column": 26 },
				"end": { "line": 66, "column": 51 }
			},
			"26": {
				"start": { "line": 67, "column": 1 },
				"end": { "line": 75, "column": 4 }
			},
			"27": {
				"start": { "line": 71, "column": 18 },
				"end": { "line": 71, "column": 55 }
			},
			"28": {
				"start": { "line": 73, "column": 3 },
				"end": { "line": 73, "column": 45 }
			},
			"29": {
				"start": { "line": 78, "column": 21 },
				"end": { "line": 90, "column": 1 }
			},
			"30": {
				"start": { "line": 79, "column": 26 },
				"end": { "line": 79, "column": 49 }
			},
			"31": {
				"start": { "line": 81, "column": 1 },
				"end": { "line": 89, "column": 4 }
			},
			"32": {
				"start": { "line": 85, "column": 17 },
				"end": { "line": 85, "column": 53 }
			},
			"33": {
				"start": { "line": 87, "column": 3 },
				"end": { "line": 87, "column": 41 }
			},
			"34": {
				"start": { "line": 92, "column": 24 },
				"end": { "line": 105, "column": 1 }
			},
			"35": {
				"start": { "line": 93, "column": 26 },
				"end": { "line": 93, "column": 51 }
			},
			"36": {
				"start": { "line": 95, "column": 1 },
				"end": { "line": 104, "column": 4 }
			},
			"37": {
				"start": { "line": 99, "column": 20 },
				"end": { "line": 99, "column": 34 }
			},
			"38": {
				"start": { "line": 100, "column": 19 },
				"end": { "line": 100, "column": 62 }
			},
			"39": {
				"start": { "line": 102, "column": 3 },
				"end": { "line": 102, "column": 49 }
			},
			"40": {
				"start": { "line": 107, "column": 21 },
				"end": { "line": 117, "column": 1 }
			},
			"41": {
				"start": { "line": 108, "column": 26 },
				"end": { "line": 108, "column": 43 }
			},
			"42": {
				"start": { "line": 110, "column": 1 },
				"end": { "line": 116, "column": 4 }
			},
			"43": {
				"start": { "line": 114, "column": 3 },
				"end": { "line": 114, "column": 30 }
			},
			"44": {
				"start": { "line": 119, "column": 0 },
				"end": { "line": 136, "column": 2 }
			},
			"45": {
				"start": { "line": 126, "column": 2 },
				"end": { "line": 126, "column": 30 }
			},
			"46": {
				"start": { "line": 127, "column": 2 },
				"end": { "line": 127, "column": 25 }
			},
			"47": {
				"start": { "line": 129, "column": 2 },
				"end": { "line": 129, "column": 25 }
			},
			"48": {
				"start": { "line": 130, "column": 2 },
				"end": { "line": 130, "column": 27 }
			},
			"49": {
				"start": { "line": 131, "column": 2 },
				"end": { "line": 131, "column": 23 }
			},
			"50": {
				"start": { "line": 132, "column": 2 },
				"end": { "line": 132, "column": 26 }
			},
			"51": {
				"start": { "line": 133, "column": 2 },
				"end": { "line": 133, "column": 23 }
			},
			"52": {
				"start": { "line": 134, "column": 2 },
				"end": { "line": 134, "column": 23 }
			}
		},
		"fnMap": {
			"0": {
				"name": "(anonymous_2)",
				"decl": {
					"start": { "line": 11, "column": 12 },
					"end": { "line": 11, "column": 13 }
				},
				"loc": {
					"start": { "line": 11, "column": 29 },
					"end": { "line": 16, "column": 4 }
				}
			},
			"1": {
				"name": "(anonymous_3)",
				"decl": {
					"start": { "line": 13, "column": 11 },
					"end": { "line": 13, "column": 15 }
				},
				"loc": {
					"start": { "line": 13, "column": 18 },
					"end": { "line": 15, "column": 5 }
				}
			},
			"2": {
				"name": "(anonymous_4)",
				"decl": {
					"start": { "line": 17, "column": 12 },
					"end": { "line": 17, "column": 13 }
				},
				"loc": {
					"start": { "line": 17, "column": 30 },
					"end": { "line": 22, "column": 4 }
				}
			},
			"3": {
				"name": "(anonymous_5)",
				"decl": {
					"start": { "line": 29, "column": 21 },
					"end": { "line": 29, "column": 27 }
				},
				"loc": {
					"start": { "line": 29, "column": 30 },
					"end": { "line": 41, "column": 1 }
				}
			},
			"4": {
				"name": "(anonymous_6)",
				"decl": {
					"start": { "line": 34, "column": 11 },
					"end": { "line": 34, "column": 16 }
				},
				"loc": {
					"start": { "line": 34, "column": 32 },
					"end": { "line": 39, "column": 3 }
				}
			},
			"5": {
				"name": "(anonymous_7)",
				"decl": {
					"start": { "line": 43, "column": 25 },
					"end": { "line": 43, "column": 31 }
				},
				"loc": {
					"start": { "line": 43, "column": 34 },
					"end": { "line": 63, "column": 1 }
				}
			},
			"6": {
				"name": "(anonymous_8)",
				"decl": {
					"start": { "line": 48, "column": 11 },
					"end": { "line": 48, "column": 16 }
				},
				"loc": {
					"start": { "line": 48, "column": 32 },
					"end": { "line": 61, "column": 3 }
				}
			},
			"7": {
				"name": "(anonymous_9)",
				"decl": {
					"start": { "line": 65, "column": 23 },
					"end": { "line": 65, "column": 29 }
				},
				"loc": {
					"start": { "line": 65, "column": 32 },
					"end": { "line": 76, "column": 1 }
				}
			},
			"8": {
				"name": "(anonymous_10)",
				"decl": {
					"start": { "line": 70, "column": 11 },
					"end": { "line": 70, "column": 16 }
				},
				"loc": {
					"start": { "line": 70, "column": 32 },
					"end": { "line": 74, "column": 3 }
				}
			},
			"9": {
				"name": "(anonymous_11)",
				"decl": {
					"start": { "line": 78, "column": 21 },
					"end": { "line": 78, "column": 27 }
				},
				"loc": {
					"start": { "line": 78, "column": 30 },
					"end": { "line": 90, "column": 1 }
				}
			},
			"10": {
				"name": "(anonymous_12)",
				"decl": {
					"start": { "line": 84, "column": 11 },
					"end": { "line": 84, "column": 16 }
				},
				"loc": {
					"start": { "line": 84, "column": 32 },
					"end": { "line": 88, "column": 3 }
				}
			},
			"11": {
				"name": "(anonymous_13)",
				"decl": {
					"start": { "line": 92, "column": 24 },
					"end": { "line": 92, "column": 30 }
				},
				"loc": {
					"start": { "line": 92, "column": 33 },
					"end": { "line": 105, "column": 1 }
				}
			},
			"12": {
				"name": "(anonymous_14)",
				"decl": {
					"start": { "line": 98, "column": 11 },
					"end": { "line": 98, "column": 16 }
				},
				"loc": {
					"start": { "line": 98, "column": 32 },
					"end": { "line": 103, "column": 3 }
				}
			},
			"13": {
				"name": "(anonymous_15)",
				"decl": {
					"start": { "line": 107, "column": 21 },
					"end": { "line": 107, "column": 27 }
				},
				"loc": {
					"start": { "line": 107, "column": 30 },
					"end": { "line": 117, "column": 1 }
				}
			},
			"14": {
				"name": "(anonymous_16)",
				"decl": {
					"start": { "line": 113, "column": 11 },
					"end": { "line": 113, "column": 12 }
				},
				"loc": {
					"start": { "line": 113, "column": 26 },
					"end": { "line": 115, "column": 3 }
				}
			},
			"15": {
				"name": "(anonymous_17)",
				"decl": {
					"start": { "line": 125, "column": 11 },
					"end": { "line": 125, "column": 12 }
				},
				"loc": {
					"start": { "line": 125, "column": 35 },
					"end": { "line": 135, "column": 2 }
				}
			}
		},
		"branchMap": {},
		"s": {
			"0": 0,
			"1": 0,
			"2": 0,
			"3": 0,
			"4": 0,
			"5": 0,
			"6": 0,
			"7": 0,
			"8": 0,
			"9": 0,
			"10": 0,
			"11": 0,
			"12": 0,
			"13": 0,
			"14": 0,
			"15": 0,
			"16": 0,
			"17": 0,
			"18": 0,
			"19": 0,
			"20": 0,
			"21": 0,
			"22": 0,
			"23": 0,
			"24": 0,
			"25": 0,
			"26": 0,
			"27": 0,
			"28": 0,
			"29": 0,
			"30": 0,
			"31": 0,
			"32": 0,
			"33": 0,
			"34": 0,
			"35": 0,
			"36": 0,
			"37": 0,
			"38": 0,
			"39": 0,
			"40": 0,
			"41": 0,
			"42": 0,
			"43": 0,
			"44": 0,
			"45": 0,
			"46": 0,
			"47": 0,
			"48": 0,
			"49": 0,
			"50": 0,
			"51": 0,
			"52": 0
		},
		"f": {
			"0": 0,
			"1": 0,
			"2": 0,
			"3": 0,
			"4": 0,
			"5": 0,
			"6": 0,
			"7": 0,
			"8": 0,
			"9": 0,
			"10": 0,
			"11": 0,
			"12": 0,
			"13": 0,
			"14": 0,
			"15": 0
		},
		"b": {}
	},
	"/home/iampeterbanjo/clever-cloud/iampeterbanjo.com/packages/server/src/views/routes.ts": {
		"path": "/home/iampeterbanjo/clever-cloud/iampeterbanjo.com/packages/server/src/views/routes.ts",
		"statementMap": {
			"0": {
				"start": { "line": 9, "column": 0 },
				"end": { "line": 9, "column": 29 }
			},
			"1": {
				"start": { "line": 11, "column": 20 },
				"end": { "line": 11, "column": 25 }
			},
			"2": {
				"start": { "line": 12, "column": 21 },
				"end": { "line": 12, "column": 38 }
			},
			"3": {
				"start": { "line": 18, "column": 22 },
				"end": { "line": 25, "column": 1 }
			},
			"4": {
				"start": { "line": 19, "column": 13 },
				"end": { "line": 19, "column": 25 }
			},
			"5": {
				"start": { "line": 20, "column": 1 },
				"end": { "line": 24, "column": 3 }
			},
			"6": {
				"start": { "line": 31, "column": 25 },
				"end": { "line": 38, "column": 1 }
			},
			"7": {
				"start": { "line": 32, "column": 13 },
				"end": { "line": 32, "column": 37 }
			},
			"8": {
				"start": { "line": 33, "column": 1 },
				"end": { "line": 37, "column": 3 }
			},
			"9": {
				"start": { "line": 45, "column": 27 },
				"end": { "line": 54, "column": 1 }
			},
			"10": {
				"start": { "line": 46, "column": 27 },
				"end": { "line": 46, "column": 63 }
			},
			"11": {
				"start": { "line": 47, "column": 21 },
				"end": { "line": 47, "column": 42 }
			},
			"12": {
				"start": { "line": 48, "column": 20 },
				"end": { "line": 48, "column": 40 }
			},
			"13": {
				"start": { "line": 49, "column": 1 },
				"end": { "line": 53, "column": 3 }
			},
			"14": {
				"start": { "line": 60, "column": 23 },
				"end": { "line": 68, "column": 1 }
			},
			"15": {
				"start": { "line": 61, "column": 13 },
				"end": { "line": 61, "column": 26 }
			},
			"16": {
				"start": { "line": 63, "column": 1 },
				"end": { "line": 67, "column": 3 }
			},
			"17": {
				"start": { "line": 70, "column": 25 },
				"end": { "line": 76, "column": 1 }
			},
			"18": {
				"start": { "line": 71, "column": 1 },
				"end": { "line": 75, "column": 3 }
			},
			"19": {
				"start": { "line": 82, "column": 17 },
				"end": { "line": 88, "column": 1 }
			},
			"20": {
				"start": { "line": 83, "column": 1 },
				"end": { "line": 87, "column": 3 }
			},
			"21": {
				"start": { "line": 90, "column": 0 },
				"end": { "line": 97, "column": 2 }
			}
		},
		"fnMap": {
			"0": {
				"name": "(anonymous_1)",
				"decl": {
					"start": { "line": 18, "column": 22 },
					"end": { "line": 18, "column": 25 }
				},
				"loc": {
					"start": { "line": 18, "column": 27 },
					"end": { "line": 25, "column": 1 }
				}
			},
			"1": {
				"name": "(anonymous_2)",
				"decl": {
					"start": { "line": 31, "column": 25 },
					"end": { "line": 31, "column": 28 }
				},
				"loc": {
					"start": { "line": 31, "column": 30 },
					"end": { "line": 38, "column": 1 }
				}
			},
			"2": {
				"name": "(anonymous_3)",
				"decl": {
					"start": { "line": 45, "column": 27 },
					"end": { "line": 45, "column": 28 }
				},
				"loc": {
					"start": { "line": 45, "column": 61 },
					"end": { "line": 54, "column": 1 }
				}
			},
			"3": {
				"name": "(anonymous_4)",
				"decl": {
					"start": { "line": 60, "column": 23 },
					"end": { "line": 60, "column": 26 }
				},
				"loc": {
					"start": { "line": 60, "column": 28 },
					"end": { "line": 68, "column": 1 }
				}
			},
			"4": {
				"name": "(anonymous_5)",
				"decl": {
					"start": { "line": 70, "column": 25 },
					"end": { "line": 70, "column": 26 }
				},
				"loc": {
					"start": { "line": 70, "column": 43 },
					"end": { "line": 76, "column": 1 }
				}
			},
			"5": {
				"name": "(anonymous_6)",
				"decl": {
					"start": { "line": 82, "column": 17 },
					"end": { "line": 82, "column": 20 }
				},
				"loc": {
					"start": { "line": 82, "column": 22 },
					"end": { "line": 88, "column": 1 }
				}
			}
		},
		"branchMap": {
			"0": {
				"loc": {
					"start": { "line": 46, "column": 27 },
					"end": { "line": 46, "column": 34 }
				},
				"type": "binary-expr",
				"locations": [
					{
						"start": { "line": 46, "column": 27 },
						"end": { "line": 46, "column": 34 }
					},
					{
						"start": { "line": 46, "column": 38 },
						"end": { "line": 46, "column": 63 }
					}
				]
			}
		},
		"s": {
			"0": 0,
			"1": 0,
			"2": 0,
			"3": 0,
			"4": 0,
			"5": 0,
			"6": 0,
			"7": 0,
			"8": 0,
			"9": 0,
			"10": 0,
			"11": 0,
			"12": 0,
			"13": 0,
			"14": 0,
			"15": 0,
			"16": 0,
			"17": 0,
			"18": 0,
			"19": 0,
			"20": 0,
			"21": 0
		},
		"f": { "0": 0, "1": 0, "2": 0, "3": 0, "4": 0, "5": 0 },
		"b": { "0": [0, 0] }
	},
	"/home/iampeterbanjo/clever-cloud/iampeterbanjo.com/packages/server/src/views/ssr/app.ts": {
		"path": "/home/iampeterbanjo/clever-cloud/iampeterbanjo.com/packages/server/src/views/ssr/app.ts",
		"statementMap": {
			"0": {
				"start": { "line": 1, "column": 0 },
				"end": { "line": 1, "column": 22 }
			},
			"1": {
				"start": { "line": 5, "column": 1 },
				"end": { "line": 10, "column": 4 }
			},
			"2": {
				"start": { "line": 3, "column": 0 },
				"end": { "line": 3, "column": 24 }
			}
		},
		"fnMap": {
			"0": {
				"name": "createApp",
				"decl": {
					"start": { "line": 3, "column": 24 },
					"end": { "line": 3, "column": 33 }
				},
				"loc": {
					"start": { "line": 3, "column": 41 },
					"end": { "line": 11, "column": 1 }
				}
			}
		},
		"branchMap": {},
		"s": { "0": 0, "1": 0, "2": 0 },
		"f": { "0": 0 },
		"b": {}
	}
}
