TN:
SF:/home/iampeterbanjo/clever-cloud/iampeterbanjo.com/packages/server/src/api.ts
FN:21,main
FNF:1
FNH:0
FNDA:0,main
DA:1,0
DA:2,0
DA:3,0
DA:5,0
DA:6,0
DA:7,0
DA:8,0
DA:9,0
DA:10,0
DA:11,0
DA:12,0
DA:13,0
DA:14,0
DA:15,0
DA:16,0
DA:18,0
DA:19,0
DA:21,0
DA:22,0
DA:23,0
DA:51,0
DA:66,0
DA:68,0
LF:23
LH:0
BRDA:25,0,0,0
BRDA:25,0,1,0
BRF:2
BRH:0
end_of_record
TN:
SF:/home/iampeterbanjo/clever-cloud/iampeterbanjo.com/packages/server/src/config.ts
FNF:0
FNH:0
DA:1,0
DA:2,0
DA:4,0
DA:5,0
DA:7,0
LF:5
LH:0
BRDA:9,0,0,0
BRDA:9,0,1,0
BRF:2
BRH:0
end_of_record
TN:
SF:/home/iampeterbanjo/clever-cloud/iampeterbanjo.com/packages/server/src/index.ts
FNF:0
FNH:0
DA:1,0
LF:1
LH:0
BRF:0
BRH:0
end_of_record
TN:
SF:/home/iampeterbanjo/clever-cloud/iampeterbanjo.com/packages/server/src/start.ts
FN:3,(anonymous_0)
FNF:1
FNH:0
FNDA:0,(anonymous_0)
DA:1,0
DA:3,0
DA:4,0
DA:5,0
DA:6,0
DA:8,0
DA:10,0
DA:11,0
LF:8
LH:0
BRF:0
BRH:0
end_of_record
TN:
SF:/home/iampeterbanjo/clever-cloud/iampeterbanjo.com/packages/server/src/blog/helpers.ts
FN:9,(anonymous_1)
FN:11,(anonymous_2)
FN:12,(anonymous_3)
FN:20,(anonymous_4)
FN:22,(anonymous_5)
FN:38,(anonymous_6)
FNF:6
FNH:0
FNDA:0,(anonymous_1)
FNDA:0,(anonymous_2)
FNDA:0,(anonymous_3)
FNDA:0,(anonymous_4)
FNDA:0,(anonymous_5)
FNDA:0,(anonymous_6)
DA:1,0
DA:2,0
DA:3,0
DA:4,0
DA:5,0
DA:7,0
DA:9,0
DA:10,0
DA:11,0
DA:13,0
DA:14,0
DA:17,0
DA:20,0
DA:21,0
DA:22,0
DA:23,0
DA:24,0
DA:26,0
DA:29,0
DA:38,0
DA:41,0
DA:43,0
DA:45,0
DA:46,0
DA:47,0
DA:49,0
LF:26
LH:0
BRDA:24,0,0,0
BRDA:43,1,0,0
BRDA:43,1,1,0
BRDA:45,2,0,0
BRF:4
BRH:0
end_of_record
TN:
SF:/home/iampeterbanjo/clever-cloud/iampeterbanjo.com/packages/server/src/blog/methods.ts
FN:13,(anonymous_1)
FN:21,(anonymous_2)
FNF:2
FNH:0
FNDA:0,(anonymous_1)
FNDA:0,(anonymous_2)
DA:1,0
DA:2,0
DA:3,0
DA:5,0
DA:7,0
DA:13,0
DA:22,0
LF:7
LH:0
BRF:0
BRH:0
end_of_record
TN:
SF:/home/iampeterbanjo/clever-cloud/iampeterbanjo.com/packages/server/src/blog/plugin.ts
FN:10,(anonymous_1)
FN:17,(anonymous_2)
FN:32,(anonymous_3)
FNF:3
FNH:0
FNDA:0,(anonymous_1)
FNDA:0,(anonymous_2)
FNDA:0,(anonymous_3)
DA:1,0
DA:2,0
DA:3,0
DA:5,0
DA:7,0
DA:11,0
DA:13,0
DA:14,0
DA:18,0
DA:19,0
DA:21,0
DA:23,0
DA:28,0
DA:29,0
DA:33,0
DA:34,0
DA:35,0
DA:37,0
DA:38,0
DA:41,0
DA:43,0
LF:21
LH:0
BRDA:37,0,0,0
BRDA:37,0,1,0
BRF:2
BRH:0
end_of_record
TN:
SF:/home/iampeterbanjo/clever-cloud/iampeterbanjo.com/packages/server/src/blog/routes.ts
FN:4,(anonymous_1)
FN:12,(anonymous_2)
FN:20,(anonymous_3)
FN:29,(anonymous_4)
FNF:4
FNH:0
FNDA:0,(anonymous_1)
FNDA:0,(anonymous_2)
FNDA:0,(anonymous_3)
FNDA:0,(anonymous_4)
DA:1,0
DA:3,0
DA:4,0
DA:5,0
DA:6,0
DA:8,0
DA:12,0
DA:20,0
DA:21,0
DA:22,0
DA:23,0
DA:25,0
DA:29,0
DA:33,0
LF:14
LH:0
BRDA:20,0,0,0
BRF:1
BRH:0
end_of_record
TN:
SF:/home/iampeterbanjo/clever-cloud/iampeterbanjo.com/packages/server/src/cqc/api.ts
FN:4,(anonymous_0)
FN:8,(anonymous_1)
FNF:2
FNH:0
FNDA:0,(anonymous_0)
FNDA:0,(anonymous_1)
DA:1,0
DA:5,0
DA:8,0
LF:3
LH:0
BRF:0
BRH:0
end_of_record
TN:
SF:/home/iampeterbanjo/clever-cloud/iampeterbanjo.com/packages/server/src/cqc/index.ts
FNF:0
FNH:0
DA:1,0
DA:2,0
DA:4,0
DA:6,0
LF:4
LH:0
BRF:0
BRH:0
end_of_record
TN:
SF:/home/iampeterbanjo/clever-cloud/iampeterbanjo.com/packages/server/src/good/index.ts
FNF:0
FNH:0
DA:1,0
DA:3,0
LF:2
LH:0
BRF:0
BRH:0
end_of_record
TN:
SF:/home/iampeterbanjo/clever-cloud/iampeterbanjo.com/packages/server/src/hapi-dev-errors/index.ts
FNF:0
FNH:0
DA:1,0
DA:3,0
LF:2
LH:0
BRF:0
BRH:0
end_of_record
TN:
SF:/home/iampeterbanjo/clever-cloud/iampeterbanjo.com/packages/server/src/hapi-inert/index.ts
FNF:0
FNH:0
DA:1,0
DA:3,0
LF:2
LH:0
BRF:0
BRH:0
end_of_record
TN:
SF:/home/iampeterbanjo/clever-cloud/iampeterbanjo.com/packages/server/src/hapi-vision/index.ts
FNF:0
FNH:0
DA:1,0
DA:3,0
LF:2
LH:0
BRF:0
BRH:0
end_of_record
TN:
SF:/home/iampeterbanjo/clever-cloud/iampeterbanjo.com/packages/server/src/https-here/https-here.ts
FN:5,(anonymous_0)
FN:6,(anonymous_1)
FNF:2
FNH:0
FNDA:0,(anonymous_0)
FNDA:0,(anonymous_1)
DA:3,0
DA:6,0
DA:8,0
DA:11,0
DA:13,0
DA:14,0
DA:16,0
LF:7
LH:0
BRDA:9,0,0,0
BRDA:9,0,1,0
BRDA:11,1,0,0
BRDA:11,1,1,0
BRDA:13,2,0,0
BRDA:13,2,1,0
BRDA:14,3,0,0
BRF:7
BRH:0
end_of_record
TN:
SF:/home/iampeterbanjo/clever-cloud/iampeterbanjo.com/packages/server/src/https-here/index.ts
FNF:0
FNH:0
DA:1,0
DA:3,0
LF:2
LH:0
BRF:0
BRH:0
end_of_record
TN:
SF:/home/iampeterbanjo/clever-cloud/iampeterbanjo.com/packages/server/src/korin/helpers.ts
FN:26,(anonymous_1)
FN:32,(anonymous_2)
FN:52,(anonymous_3)
FN:68,(anonymous_4)
FN:74,(anonymous_5)
FN:84,(anonymous_6)
FN:97,(anonymous_7)
FN:104,(anonymous_8)
FN:105,(anonymous_9)
FN:118,(anonymous_10)
FN:136,(anonymous_11)
FN:163,(anonymous_12)
FNF:12
FNH:0
FNDA:0,(anonymous_1)
FNDA:0,(anonymous_2)
FNDA:0,(anonymous_3)
FNDA:0,(anonymous_4)
FNDA:0,(anonymous_5)
FNDA:0,(anonymous_6)
FNDA:0,(anonymous_7)
FNDA:0,(anonymous_8)
FNDA:0,(anonymous_9)
FNDA:0,(anonymous_10)
FNDA:0,(anonymous_11)
FNDA:0,(anonymous_12)
DA:1,0
DA:2,0
DA:3,0
DA:4,0
DA:11,0
DA:19,0
DA:26,0
DA:27,0
DA:29,0
DA:32,0
DA:33,0
DA:39,0
DA:52,0
DA:53,0
DA:54,0
DA:56,0
DA:68,0
DA:74,0
DA:75,0
DA:76,0
DA:77,0
DA:84,0
DA:85,0
DA:87,0
DA:97,0
DA:98,0
DA:104,0
DA:105,0
DA:106,0
DA:107,0
DA:109,0
DA:118,0
DA:119,0
DA:124,0
DA:125,0
DA:136,0
DA:137,0
DA:138,0
DA:144,0
DA:150,0
DA:151,0
DA:153,0
DA:163,0
DA:164,0
DA:165,0
DA:166,0
DA:167,0
DA:168,0
DA:170,0
DA:173,0
LF:50
LH:0
BRDA:15,0,0,0
BRDA:106,1,0,0
BRDA:106,1,1,0
BRDA:137,2,0,0
BRDA:137,2,1,0
BRF:5
BRH:0
end_of_record
TN:
SF:/home/iampeterbanjo/clever-cloud/iampeterbanjo.com/packages/server/src/korin/methods.ts
FN:13,(anonymous_1)
FN:27,(anonymous_2)
FNF:2
FNH:0
FNDA:0,(anonymous_1)
FNDA:0,(anonymous_2)
DA:1,0
DA:2,0
DA:3,0
DA:5,0
DA:6,0
DA:7,0
DA:14,0
DA:16,0
DA:27,0
LF:9
LH:0
BRF:0
BRH:0
end_of_record
TN:
SF:/home/iampeterbanjo/clever-cloud/iampeterbanjo.com/packages/server/src/korin/plugin.ts
FN:7,(anonymous_1)
FN:14,(anonymous_2)
FN:29,(anonymous_3)
FNF:3
FNH:1
FNDA:2,(anonymous_1)
FNDA:0,(anonymous_2)
FNDA:0,(anonymous_3)
DA:1,1
DA:2,1
DA:4,1
DA:8,2
DA:10,2
DA:11,2
DA:15,0
DA:16,0
DA:18,0
DA:20,0
DA:25,2
DA:26,2
DA:30,0
DA:31,0
DA:32,0
DA:33,0
DA:38,0
DA:43,0
DA:45,0
LF:19
LH:8
BRF:0
BRH:0
end_of_record
TN:
SF:/home/iampeterbanjo/clever-cloud/iampeterbanjo.com/packages/server/src/korin/routes.ts
FN:4,(anonymous_1)
FN:11,(anonymous_2)
FN:15,(anonymous_3)
FN:24,(anonymous_4)
FNF:4
FNH:2
FNDA:2,(anonymous_1)
FNDA:0,(anonymous_2)
FNDA:2,(anonymous_3)
FNDA:0,(anonymous_4)
DA:1,1
DA:3,1
DA:4,1
DA:5,2
DA:6,2
DA:7,2
DA:11,0
DA:15,1
DA:18,2
DA:19,2
DA:20,2
DA:21,2
DA:22,2
DA:23,2
DA:24,2
DA:27,1
LF:16
LH:15
BRDA:16,0,0,2
BRF:1
BRH:1
end_of_record
TN:
SF:/home/iampeterbanjo/clever-cloud/iampeterbanjo.com/packages/server/src/models/Profile.ts
FNF:0
FNH:0
DA:1,0
DA:3,0
DA:27,0
LF:3
LH:0
BRF:0
BRH:0
end_of_record
TN:
SF:/home/iampeterbanjo/clever-cloud/iampeterbanjo.com/packages/server/src/models/TopTrack.ts
FN:22,save
FNF:1
FNH:0
FNDA:0,save
DA:1,0
DA:2,0
DA:4,0
DA:5,0
DA:22,0
DA:24,0
DA:25,0
DA:28,0
LF:8
LH:0
BRF:0
BRH:0
end_of_record
TN:
SF:/home/iampeterbanjo/clever-cloud/iampeterbanjo.com/packages/server/src/models/TopTracksRaw.ts
FNF:0
FNH:0
DA:1,0
DA:3,0
DA:27,0
LF:3
LH:0
BRF:0
BRH:0
end_of_record
TN:
SF:/home/iampeterbanjo/clever-cloud/iampeterbanjo.com/packages/server/src/models/helpers.ts
FN:18,(anonymous_1)
FNF:1
FNH:0
FNDA:0,(anonymous_1)
DA:1,0
DA:2,0
DA:4,0
DA:5,0
DA:16,0
DA:18,0
DA:19,0
DA:20,0
DA:26,0
LF:9
LH:0
BRDA:5,0,0,0
BRDA:5,1,0,0
BRDA:18,2,0,0
BRDA:18,2,1,0
BRF:4
BRH:0
end_of_record
TN:
SF:/home/iampeterbanjo/clever-cloud/iampeterbanjo.com/packages/server/src/models/plugin.ts
FN:8,(anonymous_1)
FN:9,(anonymous_2)
FN:18,(anonymous_3)
FNF:3
FNH:0
FNDA:0,(anonymous_1)
FNDA:0,(anonymous_2)
FNDA:0,(anonymous_3)
DA:1,0
DA:2,0
DA:3,0
DA:4,0
DA:5,0
DA:6,0
DA:8,0
DA:9,0
DA:10,0
DA:11,0
DA:15,0
DA:19,0
DA:20,0
DA:22,0
DA:23,0
DA:35,0
LF:16
LH:0
BRDA:10,0,0,0
BRDA:10,0,1,0
BRF:2
BRH:0
end_of_record
TN:
SF:/home/iampeterbanjo/clever-cloud/iampeterbanjo.com/packages/server/src/pipeline/helpers.ts
FN:8,(anonymous_1)
FN:23,(anonymous_2)
FN:45,(anonymous_3)
FN:51,(anonymous_4)
FN:58,(anonymous_5)
FNF:5
FNH:0
FNDA:0,(anonymous_1)
FNDA:0,(anonymous_2)
FNDA:0,(anonymous_3)
FNDA:0,(anonymous_4)
FNDA:0,(anonymous_5)
DA:1,0
DA:2,0
DA:8,0
DA:9,0
DA:16,0
DA:23,0
DA:24,0
DA:34,0
DA:45,0
DA:46,0
DA:48,0
DA:51,0
DA:52,0
DA:54,0
DA:56,0
DA:58,0
DA:59,0
DA:60,0
DA:63,0
DA:66,0
LF:20
LH:0
BRDA:56,0,0,0
BRDA:56,0,1,0
BRDA:60,1,0,0
BRDA:60,1,1,0
BRF:4
BRH:0
end_of_record
TN:
SF:/home/iampeterbanjo/clever-cloud/iampeterbanjo.com/packages/server/src/pipeline/index.ts
FNF:0
FNH:0
DA:1,0
DA:2,0
DA:4,0
LF:3
LH:0
BRF:0
BRH:0
end_of_record
TN:
SF:/home/iampeterbanjo/clever-cloud/iampeterbanjo.com/packages/server/src/pipeline/methods.ts
FNF:0
FNH:0
DA:1,0
DA:2,0
DA:3,0
LF:3
LH:0
BRF:0
BRH:0
end_of_record
TN:
SF:/home/iampeterbanjo/clever-cloud/iampeterbanjo.com/packages/server/src/pipeline/plugin.ts
FN:10,(anonymous_1)
FN:17,(anonymous_2)
FNF:2
FNH:0
FNDA:0,(anonymous_1)
FNDA:0,(anonymous_2)
DA:1,0
DA:2,0
DA:4,0
DA:11,0
DA:13,0
DA:14,0
DA:18,0
DA:19,0
DA:21,0
DA:23,0
LF:10
LH:0
BRF:0
BRH:0
end_of_record
TN:
SF:/home/iampeterbanjo/clever-cloud/iampeterbanjo.com/packages/server/src/pipeline/routes.ts
FN:1,(anonymous_0)
FNF:1
FNH:0
FNDA:0,(anonymous_0)
DA:1,0
DA:7,0
DA:13,0
LF:3
LH:0
BRF:0
BRH:0
end_of_record
TN:
SF:/home/iampeterbanjo/clever-cloud/iampeterbanjo.com/packages/server/src/rollbar/helpers.ts
FN:1,(anonymous_0)
FN:7,(anonymous_1)
FN:14,(anonymous_2)
FNF:3
FNH:0
FNDA:0,(anonymous_0)
FNDA:0,(anonymous_1)
FNDA:0,(anonymous_2)
DA:1,0
DA:2,0
DA:3,0
DA:7,0
DA:8,0
DA:9,0
DA:11,0
DA:14,0
DA:15,0
DA:16,0
DA:17,0
DA:20,0
DA:22,0
LF:13
LH:0
BRDA:2,0,0,0
BRDA:2,0,1,0
BRDA:8,1,0,0
BRDA:8,1,1,0
BRDA:16,2,0,0
BRDA:16,2,1,0
BRF:6
BRH:0
end_of_record
TN:
SF:/home/iampeterbanjo/clever-cloud/iampeterbanjo.com/packages/server/src/rollbar/index.ts
FNF:0
FNH:0
DA:1,0
DA:2,0
DA:4,0
DA:6,0
LF:4
LH:0
BRF:0
BRH:0
end_of_record
TN:
SF:/home/iampeterbanjo/clever-cloud/iampeterbanjo.com/packages/server/src/rollbar/plugin.ts
FN:11,(anonymous_2)
FN:14,(anonymous_3)
FNF:2
FNH:0
FNDA:0,(anonymous_2)
FNDA:0,(anonymous_3)
DA:1,0
DA:2,0
DA:3,0
DA:5,0
DA:6,0
DA:8,0
DA:12,0
DA:14,0
DA:15,0
DA:17,0
DA:18,0
DA:20,0
LF:12
LH:0
BRF:0
BRH:0
end_of_record
TN:
SF:/home/iampeterbanjo/clever-cloud/iampeterbanjo.com/packages/server/src/statics/index.ts
FNF:0
FNH:0
DA:1,0
DA:2,0
DA:4,0
DA:5,0
DA:6,0
DA:7,0
DA:9,0
LF:7
LH:0
BRF:0
BRH:0
end_of_record
TN:
SF:/home/iampeterbanjo/clever-cloud/iampeterbanjo.com/packages/server/src/statics/plugin.ts
FN:4,(anonymous_0)
FNF:1
FNH:0
FNDA:0,(anonymous_0)
DA:1,0
DA:5,0
DA:7,0
DA:20,0
DA:33,0
DA:46,0
LF:6
LH:0
BRF:0
BRH:0
end_of_record
TN:
SF:/home/iampeterbanjo/clever-cloud/iampeterbanjo.com/packages/server/src/utils/cache.ts
FN:18,(anonymous_1)
FNF:1
FNH:0
FNDA:0,(anonymous_1)
DA:1,3
DA:10,3
DA:18,3
DA:19,0
DA:22,3
LF:5
LH:4
BRF:0
BRH:0
end_of_record
TN:
SF:/home/iampeterbanjo/clever-cloud/iampeterbanjo.com/packages/server/src/utils/clientel.ts
FNF:0
FNH:0
DA:1,3
DA:2,3
DA:3,3
DA:4,3
DA:11,3
DA:13,3
DA:14,3
DA:16,3
DA:24,3
DA:29,3
LF:10
LH:10
BRF:0
BRH:0
end_of_record
TN:
SF:/home/iampeterbanjo/clever-cloud/iampeterbanjo.com/packages/server/src/utils/index.ts
FNF:0
FNH:0
DA:1,3
DA:2,3
DA:3,3
DA:4,3
DA:5,3
DA:6,3
DA:7,3
DA:9,3
LF:8
LH:8
BRF:0
BRH:0
end_of_record
TN:
SF:/home/iampeterbanjo/clever-cloud/iampeterbanjo.com/packages/server/src/utils/jsonParser.ts
FN:3,(anonymous_1)
FNF:1
FNH:0
FNDA:0,(anonymous_1)
DA:1,3
DA:3,3
DA:4,0
DA:5,0
LF:4
LH:2
BRF:0
BRH:0
end_of_record
TN:
SF:/home/iampeterbanjo/clever-cloud/iampeterbanjo.com/packages/server/src/utils/message.ts
FNF:0
FNH:0
DA:1,3
DA:2,3
LF:2
LH:2
BRF:0
BRH:0
end_of_record
TN:
SF:/home/iampeterbanjo/clever-cloud/iampeterbanjo.com/packages/server/src/utils/slugger.ts
FN:3,(anonymous_1)
FN:4,(anonymous_2)
FNF:2
FNH:1
FNDA:4,(anonymous_1)
FNDA:0,(anonymous_2)
DA:1,3
DA:3,4
DA:4,3
DA:5,3
LF:4
LH:4
BRF:0
BRH:0
end_of_record
TN:
SF:/home/iampeterbanjo/clever-cloud/iampeterbanjo.com/packages/server/src/utils/time.ts
FNF:0
FNH:0
DA:2,3
DA:3,3
DA:4,3
DA:5,3
DA:6,3
DA:7,3
DA:8,3
DA:9,3
DA:10,3
LF:9
LH:9
BRF:0
BRH:0
end_of_record
TN:
SF:/home/iampeterbanjo/clever-cloud/iampeterbanjo.com/packages/server/src/utils/vars.ts
FNF:0
FNH:0
DA:1,3
DA:2,3
DA:3,3
DA:7,3
DA:14,3
DA:15,3
DA:16,3
DA:17,3
DA:18,3
DA:19,3
DA:20,3
DA:21,3
DA:22,3
DA:23,3
DA:24,3
DA:25,3
DA:26,3
DA:27,3
DA:28,3
LF:19
LH:19
BRDA:24,0,0,3
BRDA:24,0,1,0
BRF:2
BRH:1
end_of_record
TN:
SF:/home/iampeterbanjo/clever-cloud/iampeterbanjo.com/packages/server/src/views/context.ts
FNF:0
FNH:0
DA:1,0
DA:2,0
DA:3,0
DA:4,0
DA:5,0
LF:5
LH:0
BRF:0
BRH:0
end_of_record
TN:
SF:/home/iampeterbanjo/clever-cloud/iampeterbanjo.com/packages/server/src/views/helpers.ts
FN:11,(anonymous_2)
FN:14,(anonymous_3)
FN:27,(anonymous_4)
FN:30,(anonymous_5)
FN:39,(anonymous_6)
FN:52,(anonymous_7)
FNF:6
FNH:0
FNDA:0,(anonymous_2)
FNDA:0,(anonymous_3)
FNDA:0,(anonymous_4)
FNDA:0,(anonymous_5)
FNDA:0,(anonymous_6)
FNDA:0,(anonymous_7)
DA:1,0
DA:3,0
DA:4,0
DA:5,0
DA:6,0
DA:8,0
DA:9,0
DA:11,0
DA:12,0
DA:14,0
DA:27,0
DA:28,0
DA:30,0
DA:31,0
DA:32,0
DA:34,0
DA:36,0
DA:39,0
DA:40,0
DA:41,0
DA:52,0
DA:53,0
DA:58,0
DA:66,0
LF:24
LH:0
BRF:0
BRH:0
end_of_record
TN:
SF:/home/iampeterbanjo/clever-cloud/iampeterbanjo.com/packages/server/src/views/methods.ts
FN:13,(anonymous_1)
FN:25,(anonymous_2)
FN:33,(anonymous_3)
FN:41,(anonymous_4)
FNF:4
FNH:0
FNDA:0,(anonymous_1)
FNDA:0,(anonymous_2)
FNDA:0,(anonymous_3)
FNDA:0,(anonymous_4)
DA:1,0
DA:2,0
DA:3,0
DA:5,0
DA:6,0
DA:7,0
DA:14,0
DA:25,0
DA:33,0
DA:42,0
LF:10
LH:0
BRF:0
BRH:0
end_of_record
TN:
SF:/home/iampeterbanjo/clever-cloud/iampeterbanjo.com/packages/server/src/views/plugin.ts
FN:11,(anonymous_2)
FN:13,(anonymous_3)
FN:17,(anonymous_4)
FN:29,(anonymous_5)
FN:34,(anonymous_6)
FN:43,(anonymous_7)
FN:48,(anonymous_8)
FN:65,(anonymous_9)
FN:70,(anonymous_10)
FN:78,(anonymous_11)
FN:84,(anonymous_12)
FN:92,(anonymous_13)
FN:98,(anonymous_14)
FN:107,(anonymous_15)
FN:113,(anonymous_16)
FN:125,(anonymous_17)
FNF:16
FNH:0
FNDA:0,(anonymous_2)
FNDA:0,(anonymous_3)
FNDA:0,(anonymous_4)
FNDA:0,(anonymous_5)
FNDA:0,(anonymous_6)
FNDA:0,(anonymous_7)
FNDA:0,(anonymous_8)
FNDA:0,(anonymous_9)
FNDA:0,(anonymous_10)
FNDA:0,(anonymous_11)
FNDA:0,(anonymous_12)
FNDA:0,(anonymous_13)
FNDA:0,(anonymous_14)
FNDA:0,(anonymous_15)
FNDA:0,(anonymous_16)
FNDA:0,(anonymous_17)
DA:1,0
DA:2,0
DA:3,0
DA:4,0
DA:5,0
DA:6,0
DA:8,0
DA:12,0
DA:13,0
DA:14,0
DA:18,0
DA:21,0
DA:29,0
DA:30,0
DA:31,0
DA:35,0
DA:36,0
DA:38,0
DA:43,0
DA:44,0
DA:45,0
DA:49,0
DA:50,0
DA:55,0
DA:65,0
DA:66,0
DA:67,0
DA:71,0
DA:73,0
DA:78,0
DA:79,0
DA:81,0
DA:85,0
DA:87,0
DA:92,0
DA:93,0
DA:95,0
DA:99,0
DA:100,0
DA:102,0
DA:107,0
DA:108,0
DA:110,0
DA:114,0
DA:119,0
DA:126,0
DA:127,0
DA:129,0
DA:130,0
DA:131,0
DA:132,0
DA:133,0
DA:134,0
LF:53
LH:0
BRF:0
BRH:0
end_of_record
TN:
SF:/home/iampeterbanjo/clever-cloud/iampeterbanjo.com/packages/server/src/views/routes.ts
FN:18,(anonymous_1)
FN:31,(anonymous_2)
FN:45,(anonymous_3)
FN:60,(anonymous_4)
FN:70,(anonymous_5)
FN:82,(anonymous_6)
FNF:6
FNH:0
FNDA:0,(anonymous_1)
FNDA:0,(anonymous_2)
FNDA:0,(anonymous_3)
FNDA:0,(anonymous_4)
FNDA:0,(anonymous_5)
FNDA:0,(anonymous_6)
DA:9,0
DA:11,0
DA:12,0
DA:18,0
DA:19,0
DA:20,0
DA:31,0
DA:32,0
DA:33,0
DA:45,0
DA:46,0
DA:47,0
DA:48,0
DA:49,0
DA:60,0
DA:61,0
DA:63,0
DA:70,0
DA:71,0
DA:82,0
DA:83,0
DA:90,0
LF:22
LH:0
BRDA:46,0,0,0
BRDA:46,0,1,0
BRF:2
BRH:0
end_of_record
TN:
SF:/home/iampeterbanjo/clever-cloud/iampeterbanjo.com/packages/server/src/views/ssr/app.ts
FN:3,createApp
FNF:1
FNH:0
FNDA:0,createApp
DA:1,0
DA:3,0
DA:5,0
LF:3
LH:0
BRF:0
BRH:0
end_of_record
